<?xml version='1.0' encoding='UTF-8'?>
<testsuite hostname="VAIO" name="OrderControllerTest" tests="11" errors="0" failures="11" time="2.047">
                     <properties>
[...]
</properties>
                     <testcase classname="OrderControllerTest" name="testDeleteOrder" time="0.107">
                                                 <failure message="Order" type="sbt.ForkMain$ForkError">sbt.ForkMain$ForkError: Order
	at org.dbunit.database.DatabaseDataSet.getTableMetaData(DatabaseDataSet.java:288)
	at org.dbunit.operation.DeleteAllOperation.execute(DeleteAllOperation.java:109)
	at org.dbunit.operation.CompositeOperation.execute(CompositeOperation.java:79)
	at org.dbunit.AbstractDatabaseTester.executeOperation(AbstractDatabaseTester.java:190)
	at org.dbunit.AbstractDatabaseTester.onSetup(AbstractDatabaseTester.java:103)
	at OrderControllerTest.initializeData(OrderControllerTest.java:65)
	at sun.reflect.NativeMethodAccessorImpl.invoke0(Native Method)
	at sun.reflect.NativeMethodAccessorImpl.invoke(NativeMethodAccessorImpl.java:62)
	at sun.reflect.DelegatingMethodAccessorImpl.invoke(DelegatingMethodAccessorImpl.java:43)
	at java.lang.reflect.Method.invoke(Method.java:497)
	at org.junit.runners.model.FrameworkMethod$1.runReflectiveCall(FrameworkMethod.java:47)
	at org.junit.internal.runners.model.ReflectiveCallable.run(ReflectiveCallable.java:12)
	at org.junit.runners.model.FrameworkMethod.invokeExplosively(FrameworkMethod.java:44)
	at org.junit.internal.runners.statements.RunBefores.evaluate(RunBefores.java:24)
	at org.junit.internal.runners.statements.RunAfters.evaluate(RunAfters.java:27)
	at org.junit.runners.ParentRunner.runLeaf(ParentRunner.java:271)
	at org.junit.runners.BlockJUnit4ClassRunner.runChild(BlockJUnit4ClassRunner.java:70)
	at org.junit.runners.BlockJUnit4ClassRunner.runChild(BlockJUnit4ClassRunner.java:50)
	at org.junit.runners.ParentRunner$3.run(ParentRunner.java:238)
	at org.junit.runners.ParentRunner$1.schedule(ParentRunner.java:63)
	at org.junit.runners.ParentRunner.runChildren(ParentRunner.java:236)
	at org.junit.runners.ParentRunner.access$000(ParentRunner.java:53)
	at org.junit.runners.ParentRunner$2.evaluate(ParentRunner.java:229)
	at org.junit.internal.runners.statements.RunBefores.evaluate(RunBefores.java:26)
	at org.junit.runners.ParentRunner.run(ParentRunner.java:309)
	at org.junit.runners.Suite.runChild(Suite.java:127)
	at org.junit.runners.Suite.runChild(Suite.java:26)
	at org.junit.runners.ParentRunner$3.run(ParentRunner.java:238)
	at org.junit.runners.ParentRunner$1.schedule(ParentRunner.java:63)
	at org.junit.runners.ParentRunner.runChildren(ParentRunner.java:236)
	at org.junit.runners.ParentRunner.access$000(ParentRunner.java:53)
	at org.junit.runners.ParentRunner$2.evaluate(ParentRunner.java:229)
	at org.junit.runners.ParentRunner.run(ParentRunner.java:309)
	at org.junit.runner.JUnitCore.run(JUnitCore.java:160)
	at org.junit.runner.JUnitCore.run(JUnitCore.java:138)
	at com.novocode.junit.JUnitRunner$1.execute(JUnitRunner.java:132)
	at sbt.ForkMain$Run$2.call(ForkMain.java:294)
	at sbt.ForkMain$Run$2.call(ForkMain.java:284)
	at java.util.concurrent.FutureTask.run(FutureTask.java:266)
	at java.util.concurrent.ThreadPoolExecutor.runWorker(ThreadPoolExecutor.java:1142)
	at java.util.concurrent.ThreadPoolExecutor$Worker.run(ThreadPoolExecutor.java:617)
	at java.lang.Thread.run(Thread.java:745)
</failure>
                                               </testcase><testcase classname="OrderControllerTest" name="testUpdateOrder" time="0.175">
                                                 <failure message="Order" type="sbt.ForkMain$ForkError">sbt.ForkMain$ForkError: Order
	at org.dbunit.database.DatabaseDataSet.getTableMetaData(DatabaseDataSet.java:288)
	at org.dbunit.operation.DeleteAllOperation.execute(DeleteAllOperation.java:109)
	at org.dbunit.operation.CompositeOperation.execute(CompositeOperation.java:79)
	at org.dbunit.AbstractDatabaseTester.executeOperation(AbstractDatabaseTester.java:190)
	at org.dbunit.AbstractDatabaseTester.onSetup(AbstractDatabaseTester.java:103)
	at OrderControllerTest.initializeData(OrderControllerTest.java:65)
	at sun.reflect.NativeMethodAccessorImpl.invoke0(Native Method)
	at sun.reflect.NativeMethodAccessorImpl.invoke(NativeMethodAccessorImpl.java:62)
	at sun.reflect.DelegatingMethodAccessorImpl.invoke(DelegatingMethodAccessorImpl.java:43)
	at java.lang.reflect.Method.invoke(Method.java:497)
	at org.junit.runners.model.FrameworkMethod$1.runReflectiveCall(FrameworkMethod.java:47)
	at org.junit.internal.runners.model.ReflectiveCallable.run(ReflectiveCallable.java:12)
	at org.junit.runners.model.FrameworkMethod.invokeExplosively(FrameworkMethod.java:44)
	at org.junit.internal.runners.statements.RunBefores.evaluate(RunBefores.java:24)
	at org.junit.internal.runners.statements.RunAfters.evaluate(RunAfters.java:27)
	at org.junit.runners.ParentRunner.runLeaf(ParentRunner.java:271)
	at org.junit.runners.BlockJUnit4ClassRunner.runChild(BlockJUnit4ClassRunner.java:70)
	at org.junit.runners.BlockJUnit4ClassRunner.runChild(BlockJUnit4ClassRunner.java:50)
	at org.junit.runners.ParentRunner$3.run(ParentRunner.java:238)
	at org.junit.runners.ParentRunner$1.schedule(ParentRunner.java:63)
	at org.junit.runners.ParentRunner.runChildren(ParentRunner.java:236)
	at org.junit.runners.ParentRunner.access$000(ParentRunner.java:53)
	at org.junit.runners.ParentRunner$2.evaluate(ParentRunner.java:229)
	at org.junit.internal.runners.statements.RunBefores.evaluate(RunBefores.java:26)
	at org.junit.runners.ParentRunner.run(ParentRunner.java:309)
	at org.junit.runners.Suite.runChild(Suite.java:127)
	at org.junit.runners.Suite.runChild(Suite.java:26)
	at org.junit.runners.ParentRunner$3.run(ParentRunner.java:238)
	at org.junit.runners.ParentRunner$1.schedule(ParentRunner.java:63)
	at org.junit.runners.ParentRunner.runChildren(ParentRunner.java:236)
	at org.junit.runners.ParentRunner.access$000(ParentRunner.java:53)
	at org.junit.runners.ParentRunner$2.evaluate(ParentRunner.java:229)
	at org.junit.runners.ParentRunner.run(ParentRunner.java:309)
	at org.junit.runner.JUnitCore.run(JUnitCore.java:160)
	at org.junit.runner.JUnitCore.run(JUnitCore.java:138)
	at com.novocode.junit.JUnitRunner$1.execute(JUnitRunner.java:132)
	at sbt.ForkMain$Run$2.call(ForkMain.java:294)
	at sbt.ForkMain$Run$2.call(ForkMain.java:284)
	at java.util.concurrent.FutureTask.run(FutureTask.java:266)
	at java.util.concurrent.ThreadPoolExecutor.runWorker(ThreadPoolExecutor.java:1142)
	at java.util.concurrent.ThreadPoolExecutor$Worker.run(ThreadPoolExecutor.java:617)
	at java.lang.Thread.run(Thread.java:745)
</failure>
                                               </testcase><testcase classname="OrderControllerTest" name="testPlaceOrder" time="0.17">
                                                 <failure message="Order" type="sbt.ForkMain$ForkError">sbt.ForkMain$ForkError: Order
	at org.dbunit.database.DatabaseDataSet.getTableMetaData(DatabaseDataSet.java:288)
	at org.dbunit.operation.DeleteAllOperation.execute(DeleteAllOperation.java:109)
	at org.dbunit.operation.CompositeOperation.execute(CompositeOperation.java:79)
	at org.dbunit.AbstractDatabaseTester.executeOperation(AbstractDatabaseTester.java:190)
	at org.dbunit.AbstractDatabaseTester.onSetup(AbstractDatabaseTester.java:103)
	at OrderControllerTest.initializeData(OrderControllerTest.java:65)
	at sun.reflect.NativeMethodAccessorImpl.invoke0(Native Method)
	at sun.reflect.NativeMethodAccessorImpl.invoke(NativeMethodAccessorImpl.java:62)
	at sun.reflect.DelegatingMethodAccessorImpl.invoke(DelegatingMethodAccessorImpl.java:43)
	at java.lang.reflect.Method.invoke(Method.java:497)
	at org.junit.runners.model.FrameworkMethod$1.runReflectiveCall(FrameworkMethod.java:47)
	at org.junit.internal.runners.model.ReflectiveCallable.run(ReflectiveCallable.java:12)
	at org.junit.runners.model.FrameworkMethod.invokeExplosively(FrameworkMethod.java:44)
	at org.junit.internal.runners.statements.RunBefores.evaluate(RunBefores.java:24)
	at org.junit.internal.runners.statements.RunAfters.evaluate(RunAfters.java:27)
	at org.junit.runners.ParentRunner.runLeaf(ParentRunner.java:271)
	at org.junit.runners.BlockJUnit4ClassRunner.runChild(BlockJUnit4ClassRunner.java:70)
	at org.junit.runners.BlockJUnit4ClassRunner.runChild(BlockJUnit4ClassRunner.java:50)
	at org.junit.runners.ParentRunner$3.run(ParentRunner.java:238)
	at org.junit.runners.ParentRunner$1.schedule(ParentRunner.java:63)
	at org.junit.runners.ParentRunner.runChildren(ParentRunner.java:236)
	at org.junit.runners.ParentRunner.access$000(ParentRunner.java:53)
	at org.junit.runners.ParentRunner$2.evaluate(ParentRunner.java:229)
	at org.junit.internal.runners.statements.RunBefores.evaluate(RunBefores.java:26)
	at org.junit.runners.ParentRunner.run(ParentRunner.java:309)
	at org.junit.runners.Suite.runChild(Suite.java:127)
	at org.junit.runners.Suite.runChild(Suite.java:26)
	at org.junit.runners.ParentRunner$3.run(ParentRunner.java:238)
	at org.junit.runners.ParentRunner$1.schedule(ParentRunner.java:63)
	at org.junit.runners.ParentRunner.runChildren(ParentRunner.java:236)
	at org.junit.runners.ParentRunner.access$000(ParentRunner.java:53)
	at org.junit.runners.ParentRunner$2.evaluate(ParentRunner.java:229)
	at org.junit.runners.ParentRunner.run(ParentRunner.java:309)
	at org.junit.runner.JUnitCore.run(JUnitCore.java:160)
	at org.junit.runner.JUnitCore.run(JUnitCore.java:138)
	at com.novocode.junit.JUnitRunner$1.execute(JUnitRunner.java:132)
	at sbt.ForkMain$Run$2.call(ForkMain.java:294)
	at sbt.ForkMain$Run$2.call(ForkMain.java:284)
	at java.util.concurrent.FutureTask.run(FutureTask.java:266)
	at java.util.concurrent.ThreadPoolExecutor.runWorker(ThreadPoolExecutor.java:1142)
	at java.util.concurrent.ThreadPoolExecutor$Worker.run(ThreadPoolExecutor.java:617)
	at java.lang.Thread.run(Thread.java:745)
</failure>
                                               </testcase><testcase classname="OrderControllerTest" name="testOrderNotExists" time="0.161">
                                                 <failure message="Unable to create injector, see the following errors:

1) Error in custom provider, Configuration error: Configuration error[Cannot connect to database [default]]
  while locating play.api.db.DBApiProvider
  while locating play.api.db.DBApi
    for parameter 0 at play.db.DefaultDBApi.&lt;init&gt;(DefaultDBApi.java:28)
  at play.db.DefaultDBApi.class(DefaultDBApi.java:28)
  while locating play.db.DefaultDBApi
  while locating play.db.DBApi
    for field at play.db.DBModule$NamedDatabaseProvider.dbApi(DBModule.java:61)
  while locating play.db.DBModule$NamedDatabaseProvider
  at com.google.inject.util.Providers$GuicifiedProviderWithDependencies.initialize(Providers.java:149)
  at play.db.DBModule.bindings(DBModule.java:40):
Binding(interface play.db.Database qualified with QualifierInstance(@play.db.NamedDatabase(value=default)) to ProviderTarget(play.db.DBModule$NamedDatabaseProvider@6228b6ec)) (via modules: com.google.inject.util.Modules$OverrideModule -&gt; play.api.inject.guice.GuiceableModuleConversions$$anon$1)
Caused by: Configuration error: Configuration error[Cannot connect to database [default]]
	at play.api.Configuration$.configError(Configuration.scala:178)
	at play.api.Configuration.reportError(Configuration.scala:829)
	at play.api.db.DefaultDBApi$$anonfun$connect$1.apply(DefaultDBApi.scala:48)
	at play.api.db.DefaultDBApi$$anonfun$connect$1.apply(DefaultDBApi.scala:42)
	at scala.collection.immutable.List.foreach(List.scala:381)
	at play.api.db.DefaultDBApi.connect(DefaultDBApi.scala:42)
	at play.api.db.DBApiProvider.get$lzycompute(DBModule.scala:72)
	at play.api.db.DBApiProvider.get(DBModule.scala:62)
	at play.api.db.DBApiProvider.get(DBModule.scala:58)
	at com.google.inject.internal.ProviderInternalFactory.provision(ProviderInternalFactory.java:81)
	at com.google.inject.internal.BoundProviderFactory.provision(BoundProviderFactory.java:72)
	at com.google.inject.internal.ProviderInternalFactory.circularGet(ProviderInternalFactory.java:61)
	at com.google.inject.internal.BoundProviderFactory.get(BoundProviderFactory.java:62)
	at com.google.inject.internal.SingleParameterInjector.inject(SingleParameterInjector.java:38)
	at com.google.inject.internal.SingleParameterInjector.getAll(SingleParameterInjector.java:62)
	at com.google.inject.internal.ConstructorInjector.provision(ConstructorInjector.java:104)
	at com.google.inject.internal.ConstructorInjector.construct(ConstructorInjector.java:85)
	at com.google.inject.internal.ConstructorBindingImpl$Factory.get(ConstructorBindingImpl.java:267)
	at com.google.inject.internal.ProviderToInternalFactoryAdapter$1.call(ProviderToInternalFactoryAdapter.java:46)
	at com.google.inject.internal.InjectorImpl.callInContext(InjectorImpl.java:1103)
	at com.google.inject.internal.ProviderToInternalFactoryAdapter.get(ProviderToInternalFactoryAdapter.java:40)
	at com.google.inject.internal.SingletonScope$1.get(SingletonScope.java:145)
	at com.google.inject.internal.InternalFactoryToProviderAdapter.get(InternalFactoryToProviderAdapter.java:41)
	at com.google.inject.internal.FactoryProxy.get(FactoryProxy.java:56)
	at com.google.inject.internal.SingleFieldInjector.inject(SingleFieldInjector.java:54)
	at com.google.inject.internal.MembersInjectorImpl.injectMembers(MembersInjectorImpl.java:132)
	at com.google.inject.internal.MembersInjectorImpl$1.call(MembersInjectorImpl.java:93)
	at com.google.inject.internal.MembersInjectorImpl$1.call(MembersInjectorImpl.java:80)
	at com.google.inject.internal.InjectorImpl.callInContext(InjectorImpl.java:1103)
	at com.google.inject.internal.MembersInjectorImpl.injectAndNotify(MembersInjectorImpl.java:80)
	at com.google.inject.internal.MembersInjectorImpl.injectMembers(MembersInjectorImpl.java:62)
	at com.google.inject.internal.InjectorImpl.injectMembers(InjectorImpl.java:984)
	at com.google.inject.util.Providers$GuicifiedProviderWithDependencies.initialize(Providers.java:149)
	at com.google.inject.util.Providers$GuicifiedProviderWithDependencies$$FastClassByGuice$$2a7177aa.invoke(&lt;generated&gt;)
	at com.google.inject.internal.cglib.reflect.$FastMethod.invoke(FastMethod.java:53)
	at com.google.inject.internal.SingleMethodInjector$1.invoke(SingleMethodInjector.java:57)
	at com.google.inject.internal.SingleMethodInjector.inject(SingleMethodInjector.java:91)
	at com.google.inject.internal.MembersInjectorImpl.injectMembers(MembersInjectorImpl.java:132)
	at com.google.inject.internal.MembersInjectorImpl$1.call(MembersInjectorImpl.java:93)
	at com.google.inject.internal.MembersInjectorImpl$1.call(MembersInjectorImpl.java:80)
	at com.google.inject.internal.InjectorImpl.callInContext(InjectorImpl.java:1092)
	at com.google.inject.internal.MembersInjectorImpl.injectAndNotify(MembersInjectorImpl.java:80)
	at com.google.inject.internal.Initializer$InjectableReference.get(Initializer.java:174)
	at com.google.inject.internal.Initializer.injectAll(Initializer.java:108)
	at com.google.inject.internal.InternalInjectorCreator.injectDynamically(InternalInjectorCreator.java:174)
	at com.google.inject.internal.InternalInjectorCreator.build(InternalInjectorCreator.java:110)
	at com.google.inject.Guice.createInjector(Guice.java:96)
	at com.google.inject.Guice.createInjector(Guice.java:73)
	at com.google.inject.Guice.createInjector(Guice.java:62)
	at play.api.inject.guice.GuiceBuilder.injector(GuiceInjectorBuilder.scala:126)
	at play.api.inject.guice.GuiceApplicationBuilder.build(GuiceApplicationBuilder.scala:93)
	at play.api.test.FakeApplication.&lt;init&gt;(Fakes.scala:216)
	at play.test.FakeApplication.&lt;init&gt;(FakeApplication.java:53)
	at play.test.FakeApplication.&lt;init&gt;(FakeApplication.java:70)
	at play.test.Helpers.fakeApplication(Helpers.java:160)
	at OrderControllerTest.initializeData(OrderControllerTest.java:61)
	at sun.reflect.NativeMethodAccessorImpl.invoke0(Native Method)
	at sun.reflect.NativeMethodAccessorImpl.invoke(NativeMethodAccessorImpl.java:62)
	at sun.reflect.DelegatingMethodAccessorImpl.invoke(DelegatingMethodAccessorImpl.java:43)
	at java.lang.reflect.Method.invoke(Method.java:497)
	at org.junit.runners.model.FrameworkMethod$1.runReflectiveCall(FrameworkMethod.java:47)
	at org.junit.internal.runners.model.ReflectiveCallable.run(ReflectiveCallable.java:12)
	at org.junit.runners.model.FrameworkMethod.invokeExplosively(FrameworkMethod.java:44)
	at org.junit.internal.runners.statements.RunBefores.evaluate(RunBefores.java:24)
	at org.junit.internal.runners.statements.RunAfters.evaluate(RunAfters.java:27)
	at org.junit.runners.ParentRunner.runLeaf(ParentRunner.java:271)
	at org.junit.runners.BlockJUnit4ClassRunner.runChild(BlockJUnit4ClassRunner.java:70)
	at org.junit.runners.BlockJUnit4ClassRunner.runChild(BlockJUnit4ClassRunner.java:50)
	at org.junit.runners.ParentRunner$3.run(ParentRunner.java:238)
	at org.junit.runners.ParentRunner$1.schedule(ParentRunner.java:63)
	at org.junit.runners.ParentRunner.runChildren(ParentRunner.java:236)
	at org.junit.runners.ParentRunner.access$000(ParentRunner.java:53)
	at org.junit.runners.ParentRunner$2.evaluate(ParentRunner.java:229)
	at org.junit.internal.runners.statements.RunBefores.evaluate(RunBefores.java:26)
	at org.junit.runners.ParentRunner.run(ParentRunner.java:309)
	at org.junit.runners.Suite.runChild(Suite.java:127)
	at org.junit.runners.Suite.runChild(Suite.java:26)
	at org.junit.runners.ParentRunner$3.run(ParentRunner.java:238)
	at org.junit.runners.ParentRunner$1.schedule(ParentRunner.java:63)
	at org.junit.runners.ParentRunner.runChildren(ParentRunner.java:236)
	at org.junit.runners.ParentRunner.access$000(ParentRunner.java:53)
	at org.junit.runners.ParentRunner$2.evaluate(ParentRunner.java:229)
	at org.junit.runners.ParentRunner.run(ParentRunner.java:309)
	at org.junit.runner.JUnitCore.run(JUnitCore.java:160)
	at org.junit.runner.JUnitCore.run(JUnitCore.java:138)
	at com.novocode.junit.JUnitRunner$1.execute(JUnitRunner.java:132)
	at sbt.ForkMain$Run$2.call(ForkMain.java:294)
	at sbt.ForkMain$Run$2.call(ForkMain.java:284)
	at java.util.concurrent.FutureTask.run(FutureTask.java:266)
	at java.util.concurrent.ThreadPoolExecutor.runWorker(ThreadPoolExecutor.java:1142)
	at java.util.concurrent.ThreadPoolExecutor$Worker.run(ThreadPoolExecutor.java:617)
	at java.lang.Thread.run(Thread.java:745)
Caused by: Configuration error: Configuration error[Exception during pool initialization]
	at play.api.Configuration$.configError(Configuration.scala:178)
	at play.api.PlayConfig.reportError(Configuration.scala:1048)
	at play.api.db.HikariCPConnectionPool.create(HikariCPModule.scala:69)
	at play.api.db.PooledDatabase.createDataSource(Databases.scala:199)
	at play.api.db.DefaultDatabase.dataSource$lzycompute(Databases.scala:124)
	at play.api.db.DefaultDatabase.dataSource(Databases.scala:122)
	at play.api.db.DefaultDatabase.getConnection(Databases.scala:143)
	at play.api.db.DefaultDatabase.getConnection(Databases.scala:139)
	at play.api.db.DefaultDBApi$$anonfun$connect$1.apply(DefaultDBApi.scala:44)
	... 89 more
Caused by: com.zaxxer.hikari.pool.PoolInitializationException: Exception during pool initialization
	at com.zaxxer.hikari.pool.BaseHikariPool.initializeConnections(BaseHikariPool.java:542)
	at com.zaxxer.hikari.pool.BaseHikariPool.&lt;init&gt;(BaseHikariPool.java:171)
	at com.zaxxer.hikari.pool.HikariPool.&lt;init&gt;(HikariPool.java:60)
	at com.zaxxer.hikari.pool.HikariPool.&lt;init&gt;(HikariPool.java:48)
	at com.zaxxer.hikari.HikariDataSource.&lt;init&gt;(HikariDataSource.java:80)
	at play.api.db.HikariCPConnectionPool$$anonfun$1.apply(HikariCPModule.scala:58)
	at play.api.db.HikariCPConnectionPool$$anonfun$1.apply(HikariCPModule.scala:54)
	at scala.util.Try$.apply(Try.scala:191)
	at play.api.db.HikariCPConnectionPool.create(HikariCPModule.scala:54)
	... 95 more
Caused by: com.mysql.jdbc.exceptions.jdbc4.MySQLNonTransientConnectionException: Data source rejected establishment of connection,  message from server: &quot;Too many connections&quot;
	at sun.reflect.NativeConstructorAccessorImpl.newInstance0(Native Method)
	at sun.reflect.NativeConstructorAccessorImpl.newInstance(NativeConstructorAccessorImpl.java:62)
	at sun.reflect.DelegatingConstructorAccessorImpl.newInstance(DelegatingConstructorAccessorImpl.java:45)
	at java.lang.reflect.Constructor.newInstance(Constructor.java:422)
	at com.mysql.jdbc.Util.handleNewInstance(Util.java:411)
	at com.mysql.jdbc.Util.getInstance(Util.java:386)
	at com.mysql.jdbc.SQLError.createSQLException(SQLError.java:1013)
	at com.mysql.jdbc.SQLError.createSQLException(SQLError.java:987)
	at com.mysql.jdbc.SQLError.createSQLException(SQLError.java:982)
	at com.mysql.jdbc.MysqlIO.doHandshake(MysqlIO.java:1128)
	at com.mysql.jdbc.ConnectionImpl.coreConnect(ConnectionImpl.java:2336)
	at com.mysql.jdbc.ConnectionImpl.connectOneTryOnly(ConnectionImpl.java:2369)
	at com.mysql.jdbc.ConnectionImpl.createNewIO(ConnectionImpl.java:2153)
	at com.mysql.jdbc.ConnectionImpl.&lt;init&gt;(ConnectionImpl.java:792)
	at com.mysql.jdbc.JDBC4Connection.&lt;init&gt;(JDBC4Connection.java:47)
	at sun.reflect.GeneratedConstructorAccessor13.newInstance(Unknown Source)
	at sun.reflect.DelegatingConstructorAccessorImpl.newInstance(DelegatingConstructorAccessorImpl.java:45)
	at java.lang.reflect.Constructor.newInstance(Constructor.java:422)
	at com.mysql.jdbc.Util.handleNewInstance(Util.java:411)
	at com.mysql.jdbc.ConnectionImpl.getInstance(ConnectionImpl.java:381)
	at com.mysql.jdbc.NonRegisteringDriver.connect(NonRegisteringDriver.java:305)
	at com.zaxxer.hikari.util.DriverDataSource.getConnection(DriverDataSource.java:92)
	at com.zaxxer.hikari.util.DriverDataSource.getConnection(DriverDataSource.java:98)
	at com.zaxxer.hikari.pool.BaseHikariPool.addConnection(BaseHikariPool.java:438)
	at com.zaxxer.hikari.pool.BaseHikariPool.initializeConnections(BaseHikariPool.java:540)
	... 103 more

2) Error in custom provider, Configuration error: Configuration error[Cannot connect to database [default]]
  while locating play.api.db.DBApiProvider
  while locating play.api.db.DBApi
    for field at play.api.db.NamedDatabaseProvider.dbApi(DBModule.scala:80)
  while locating play.api.db.NamedDatabaseProvider
  at com.google.inject.util.Providers$GuicifiedProviderWithDependencies.initialize(Providers.java:149)
  at play.api.db.DBModule$$anonfun$namedDatabaseBindings$1.apply(DBModule.scala:34):
Binding(interface play.api.db.Database qualified with QualifierInstance(@play.db.NamedDatabase(value=default)) to ProviderTarget(play.api.db.NamedDatabaseProvider@11662f75)) (via modules: com.google.inject.util.Modules$OverrideModule -&gt; play.api.inject.guice.GuiceableModuleConversions$$anon$1)
Caused by: Configuration error: Configuration error[Cannot connect to database [default]]
	at play.api.Configuration$.configError(Configuration.scala:178)
	at play.api.Configuration.reportError(Configuration.scala:829)
	at play.api.db.DefaultDBApi$$anonfun$connect$1.apply(DefaultDBApi.scala:48)
	at play.api.db.DefaultDBApi$$anonfun$connect$1.apply(DefaultDBApi.scala:42)
	at scala.collection.immutable.List.foreach(List.scala:381)
	at play.api.db.DefaultDBApi.connect(DefaultDBApi.scala:42)
	at play.api.db.DBApiProvider.get$lzycompute(DBModule.scala:72)
	at play.api.db.DBApiProvider.get(DBModule.scala:62)
	at play.api.db.DBApiProvider.get(DBModule.scala:58)
	at com.google.inject.internal.ProviderInternalFactory.provision(ProviderInternalFactory.java:81)
	at com.google.inject.internal.BoundProviderFactory.provision(BoundProviderFactory.java:72)
	at com.google.inject.internal.ProviderInternalFactory.circularGet(ProviderInternalFactory.java:61)
	at com.google.inject.internal.BoundProviderFactory.get(BoundProviderFactory.java:62)
	at com.google.inject.internal.SingleFieldInjector.inject(SingleFieldInjector.java:54)
	at com.google.inject.internal.MembersInjectorImpl.injectMembers(MembersInjectorImpl.java:132)
	at com.google.inject.internal.MembersInjectorImpl$1.call(MembersInjectorImpl.java:93)
	at com.google.inject.internal.MembersInjectorImpl$1.call(MembersInjectorImpl.java:80)
	at com.google.inject.internal.InjectorImpl.callInContext(InjectorImpl.java:1103)
	at com.google.inject.internal.MembersInjectorImpl.injectAndNotify(MembersInjectorImpl.java:80)
	at com.google.inject.internal.MembersInjectorImpl.injectMembers(MembersInjectorImpl.java:62)
	at com.google.inject.internal.InjectorImpl.injectMembers(InjectorImpl.java:984)
	at com.google.inject.util.Providers$GuicifiedProviderWithDependencies.initialize(Providers.java:149)
	at com.google.inject.util.Providers$GuicifiedProviderWithDependencies$$FastClassByGuice$$2a7177aa.invoke(&lt;generated&gt;)
	at com.google.inject.internal.cglib.reflect.$FastMethod.invoke(FastMethod.java:53)
	at com.google.inject.internal.SingleMethodInjector$1.invoke(SingleMethodInjector.java:57)
	at com.google.inject.internal.SingleMethodInjector.inject(SingleMethodInjector.java:91)
	at com.google.inject.internal.MembersInjectorImpl.injectMembers(MembersInjectorImpl.java:132)
	at com.google.inject.internal.MembersInjectorImpl$1.call(MembersInjectorImpl.java:93)
	at com.google.inject.internal.MembersInjectorImpl$1.call(MembersInjectorImpl.java:80)
	at com.google.inject.internal.InjectorImpl.callInContext(InjectorImpl.java:1092)
	at com.google.inject.internal.MembersInjectorImpl.injectAndNotify(MembersInjectorImpl.java:80)
	at com.google.inject.internal.Initializer$InjectableReference.get(Initializer.java:174)
	at com.google.inject.internal.Initializer.injectAll(Initializer.java:108)
	at com.google.inject.internal.InternalInjectorCreator.injectDynamically(InternalInjectorCreator.java:174)
	at com.google.inject.internal.InternalInjectorCreator.build(InternalInjectorCreator.java:110)
	at com.google.inject.Guice.createInjector(Guice.java:96)
	at com.google.inject.Guice.createInjector(Guice.java:73)
	at com.google.inject.Guice.createInjector(Guice.java:62)
	at play.api.inject.guice.GuiceBuilder.injector(GuiceInjectorBuilder.scala:126)
	at play.api.inject.guice.GuiceApplicationBuilder.build(GuiceApplicationBuilder.scala:93)
	at play.api.test.FakeApplication.&lt;init&gt;(Fakes.scala:216)
	at play.test.FakeApplication.&lt;init&gt;(FakeApplication.java:53)
	at play.test.FakeApplication.&lt;init&gt;(FakeApplication.java:70)
	at play.test.Helpers.fakeApplication(Helpers.java:160)
	at OrderControllerTest.initializeData(OrderControllerTest.java:61)
	at sun.reflect.NativeMethodAccessorImpl.invoke0(Native Method)
	at sun.reflect.NativeMethodAccessorImpl.invoke(NativeMethodAccessorImpl.java:62)
	at sun.reflect.DelegatingMethodAccessorImpl.invoke(DelegatingMethodAccessorImpl.java:43)
	at java.lang.reflect.Method.invoke(Method.java:497)
	at org.junit.runners.model.FrameworkMethod$1.runReflectiveCall(FrameworkMethod.java:47)
	at org.junit.internal.runners.model.ReflectiveCallable.run(ReflectiveCallable.java:12)
	at org.junit.runners.model.FrameworkMethod.invokeExplosively(FrameworkMethod.java:44)
	at org.junit.internal.runners.statements.RunBefores.evaluate(RunBefores.java:24)
	at org.junit.internal.runners.statements.RunAfters.evaluate(RunAfters.java:27)
	at org.junit.runners.ParentRunner.runLeaf(ParentRunner.java:271)
	at org.junit.runners.BlockJUnit4ClassRunner.runChild(BlockJUnit4ClassRunner.java:70)
	at org.junit.runners.BlockJUnit4ClassRunner.runChild(BlockJUnit4ClassRunner.java:50)
	at org.junit.runners.ParentRunner$3.run(ParentRunner.java:238)
	at org.junit.runners.ParentRunner$1.schedule(ParentRunner.java:63)
	at org.junit.runners.ParentRunner.runChildren(ParentRunner.java:236)
	at org.junit.runners.ParentRunner.access$000(ParentRunner.java:53)
	at org.junit.runners.ParentRunner$2.evaluate(ParentRunner.java:229)
	at org.junit.internal.runners.statements.RunBefores.evaluate(RunBefores.java:26)
	at org.junit.runners.ParentRunner.run(ParentRunner.java:309)
	at org.junit.runners.Suite.runChild(Suite.java:127)
	at org.junit.runners.Suite.runChild(Suite.java:26)
	at org.junit.runners.ParentRunner$3.run(ParentRunner.java:238)
	at org.junit.runners.ParentRunner$1.schedule(ParentRunner.java:63)
	at org.junit.runners.ParentRunner.runChildren(ParentRunner.java:236)
	at org.junit.runners.ParentRunner.access$000(ParentRunner.java:53)
	at org.junit.runners.ParentRunner$2.evaluate(ParentRunner.java:229)
	at org.junit.runners.ParentRunner.run(ParentRunner.java:309)
	at org.junit.runner.JUnitCore.run(JUnitCore.java:160)
	at org.junit.runner.JUnitCore.run(JUnitCore.java:138)
	at com.novocode.junit.JUnitRunner$1.execute(JUnitRunner.java:132)
	at sbt.ForkMain$Run$2.call(ForkMain.java:294)
	at sbt.ForkMain$Run$2.call(ForkMain.java:284)
	at java.util.concurrent.FutureTask.run(FutureTask.java:266)
	at java.util.concurrent.ThreadPoolExecutor.runWorker(ThreadPoolExecutor.java:1142)
	at java.util.concurrent.ThreadPoolExecutor$Worker.run(ThreadPoolExecutor.java:617)
	at java.lang.Thread.run(Thread.java:745)
Caused by: Configuration error: Configuration error[Exception during pool initialization]
	at play.api.Configuration$.configError(Configuration.scala:178)
	at play.api.PlayConfig.reportError(Configuration.scala:1048)
	at play.api.db.HikariCPConnectionPool.create(HikariCPModule.scala:69)
	at play.api.db.PooledDatabase.createDataSource(Databases.scala:199)
	at play.api.db.DefaultDatabase.dataSource$lzycompute(Databases.scala:124)
	at play.api.db.DefaultDatabase.dataSource(Databases.scala:122)
	at play.api.db.DefaultDatabase.getConnection(Databases.scala:143)
	at play.api.db.DefaultDatabase.getConnection(Databases.scala:139)
	at play.api.db.DefaultDBApi$$anonfun$connect$1.apply(DefaultDBApi.scala:44)
	... 78 more
Caused by: com.zaxxer.hikari.pool.PoolInitializationException: Exception during pool initialization
	at com.zaxxer.hikari.pool.BaseHikariPool.initializeConnections(BaseHikariPool.java:542)
	at com.zaxxer.hikari.pool.BaseHikariPool.&lt;init&gt;(BaseHikariPool.java:171)
	at com.zaxxer.hikari.pool.HikariPool.&lt;init&gt;(HikariPool.java:60)
	at com.zaxxer.hikari.pool.HikariPool.&lt;init&gt;(HikariPool.java:48)
	at com.zaxxer.hikari.HikariDataSource.&lt;init&gt;(HikariDataSource.java:80)
	at play.api.db.HikariCPConnectionPool$$anonfun$1.apply(HikariCPModule.scala:58)
	at play.api.db.HikariCPConnectionPool$$anonfun$1.apply(HikariCPModule.scala:54)
	at scala.util.Try$.apply(Try.scala:191)
	at play.api.db.HikariCPConnectionPool.create(HikariCPModule.scala:54)
	... 84 more
Caused by: com.mysql.jdbc.exceptions.jdbc4.MySQLNonTransientConnectionException: Data source rejected establishment of connection,  message from server: &quot;Too many connections&quot;
	at sun.reflect.NativeConstructorAccessorImpl.newInstance0(Native Method)
	at sun.reflect.NativeConstructorAccessorImpl.newInstance(NativeConstructorAccessorImpl.java:62)
	at sun.reflect.DelegatingConstructorAccessorImpl.newInstance(DelegatingConstructorAccessorImpl.java:45)
	at java.lang.reflect.Constructor.newInstance(Constructor.java:422)
	at com.mysql.jdbc.Util.handleNewInstance(Util.java:411)
	at com.mysql.jdbc.Util.getInstance(Util.java:386)
	at com.mysql.jdbc.SQLError.createSQLException(SQLError.java:1013)
	at com.mysql.jdbc.SQLError.createSQLException(SQLError.java:987)
	at com.mysql.jdbc.SQLError.createSQLException(SQLError.java:982)
	at com.mysql.jdbc.MysqlIO.doHandshake(MysqlIO.java:1128)
	at com.mysql.jdbc.ConnectionImpl.coreConnect(ConnectionImpl.java:2336)
	at com.mysql.jdbc.ConnectionImpl.connectOneTryOnly(ConnectionImpl.java:2369)
	at com.mysql.jdbc.ConnectionImpl.createNewIO(ConnectionImpl.java:2153)
	at com.mysql.jdbc.ConnectionImpl.&lt;init&gt;(ConnectionImpl.java:792)
	at com.mysql.jdbc.JDBC4Connection.&lt;init&gt;(JDBC4Connection.java:47)
	at sun.reflect.GeneratedConstructorAccessor13.newInstance(Unknown Source)
	at sun.reflect.DelegatingConstructorAccessorImpl.newInstance(DelegatingConstructorAccessorImpl.java:45)
	at java.lang.reflect.Constructor.newInstance(Constructor.java:422)
	at com.mysql.jdbc.Util.handleNewInstance(Util.java:411)
	at com.mysql.jdbc.ConnectionImpl.getInstance(ConnectionImpl.java:381)
	at com.mysql.jdbc.NonRegisteringDriver.connect(NonRegisteringDriver.java:305)
	at com.zaxxer.hikari.util.DriverDataSource.getConnection(DriverDataSource.java:92)
	at com.zaxxer.hikari.util.DriverDataSource.getConnection(DriverDataSource.java:98)
	at com.zaxxer.hikari.pool.BaseHikariPool.addConnection(BaseHikariPool.java:438)
	at com.zaxxer.hikari.pool.BaseHikariPool.initializeConnections(BaseHikariPool.java:540)
	... 92 more

2 errors" type="sbt.ForkMain$ForkError">sbt.ForkMain$ForkError: Unable to create injector, see the following errors:

1) Error in custom provider, Configuration error: Configuration error[Cannot connect to database [default]]
  while locating play.api.db.DBApiProvider
  while locating play.api.db.DBApi
    for parameter 0 at play.db.DefaultDBApi.&lt;init&gt;(DefaultDBApi.java:28)
  at play.db.DefaultDBApi.class(DefaultDBApi.java:28)
  while locating play.db.DefaultDBApi
  while locating play.db.DBApi
    for field at play.db.DBModule$NamedDatabaseProvider.dbApi(DBModule.java:61)
  while locating play.db.DBModule$NamedDatabaseProvider
  at com.google.inject.util.Providers$GuicifiedProviderWithDependencies.initialize(Providers.java:149)
  at play.db.DBModule.bindings(DBModule.java:40):
Binding(interface play.db.Database qualified with QualifierInstance(@play.db.NamedDatabase(value=default)) to ProviderTarget(play.db.DBModule$NamedDatabaseProvider@6228b6ec)) (via modules: com.google.inject.util.Modules$OverrideModule -&gt; play.api.inject.guice.GuiceableModuleConversions$$anon$1)
Caused by: Configuration error: Configuration error[Cannot connect to database [default]]
	at play.api.Configuration$.configError(Configuration.scala:178)
	at play.api.Configuration.reportError(Configuration.scala:829)
	at play.api.db.DefaultDBApi$$anonfun$connect$1.apply(DefaultDBApi.scala:48)
	at play.api.db.DefaultDBApi$$anonfun$connect$1.apply(DefaultDBApi.scala:42)
	at scala.collection.immutable.List.foreach(List.scala:381)
	at play.api.db.DefaultDBApi.connect(DefaultDBApi.scala:42)
	at play.api.db.DBApiProvider.get$lzycompute(DBModule.scala:72)
	at play.api.db.DBApiProvider.get(DBModule.scala:62)
	at play.api.db.DBApiProvider.get(DBModule.scala:58)
	at com.google.inject.internal.ProviderInternalFactory.provision(ProviderInternalFactory.java:81)
	at com.google.inject.internal.BoundProviderFactory.provision(BoundProviderFactory.java:72)
	at com.google.inject.internal.ProviderInternalFactory.circularGet(ProviderInternalFactory.java:61)
	at com.google.inject.internal.BoundProviderFactory.get(BoundProviderFactory.java:62)
	at com.google.inject.internal.SingleParameterInjector.inject(SingleParameterInjector.java:38)
	at com.google.inject.internal.SingleParameterInjector.getAll(SingleParameterInjector.java:62)
	at com.google.inject.internal.ConstructorInjector.provision(ConstructorInjector.java:104)
	at com.google.inject.internal.ConstructorInjector.construct(ConstructorInjector.java:85)
	at com.google.inject.internal.ConstructorBindingImpl$Factory.get(ConstructorBindingImpl.java:267)
	at com.google.inject.internal.ProviderToInternalFactoryAdapter$1.call(ProviderToInternalFactoryAdapter.java:46)
	at com.google.inject.internal.InjectorImpl.callInContext(InjectorImpl.java:1103)
	at com.google.inject.internal.ProviderToInternalFactoryAdapter.get(ProviderToInternalFactoryAdapter.java:40)
	at com.google.inject.internal.SingletonScope$1.get(SingletonScope.java:145)
	at com.google.inject.internal.InternalFactoryToProviderAdapter.get(InternalFactoryToProviderAdapter.java:41)
	at com.google.inject.internal.FactoryProxy.get(FactoryProxy.java:56)
	at com.google.inject.internal.SingleFieldInjector.inject(SingleFieldInjector.java:54)
	at com.google.inject.internal.MembersInjectorImpl.injectMembers(MembersInjectorImpl.java:132)
	at com.google.inject.internal.MembersInjectorImpl$1.call(MembersInjectorImpl.java:93)
	at com.google.inject.internal.MembersInjectorImpl$1.call(MembersInjectorImpl.java:80)
	at com.google.inject.internal.InjectorImpl.callInContext(InjectorImpl.java:1103)
	at com.google.inject.internal.MembersInjectorImpl.injectAndNotify(MembersInjectorImpl.java:80)
	at com.google.inject.internal.MembersInjectorImpl.injectMembers(MembersInjectorImpl.java:62)
	at com.google.inject.internal.InjectorImpl.injectMembers(InjectorImpl.java:984)
	at com.google.inject.util.Providers$GuicifiedProviderWithDependencies.initialize(Providers.java:149)
	at com.google.inject.util.Providers$GuicifiedProviderWithDependencies$$FastClassByGuice$$2a7177aa.invoke(&lt;generated&gt;)
	at com.google.inject.internal.cglib.reflect.$FastMethod.invoke(FastMethod.java:53)
	at com.google.inject.internal.SingleMethodInjector$1.invoke(SingleMethodInjector.java:57)
	at com.google.inject.internal.SingleMethodInjector.inject(SingleMethodInjector.java:91)
	at com.google.inject.internal.MembersInjectorImpl.injectMembers(MembersInjectorImpl.java:132)
	at com.google.inject.internal.MembersInjectorImpl$1.call(MembersInjectorImpl.java:93)
	at com.google.inject.internal.MembersInjectorImpl$1.call(MembersInjectorImpl.java:80)
	at com.google.inject.internal.InjectorImpl.callInContext(InjectorImpl.java:1092)
	at com.google.inject.internal.MembersInjectorImpl.injectAndNotify(MembersInjectorImpl.java:80)
	at com.google.inject.internal.Initializer$InjectableReference.get(Initializer.java:174)
	at com.google.inject.internal.Initializer.injectAll(Initializer.java:108)
	at com.google.inject.internal.InternalInjectorCreator.injectDynamically(InternalInjectorCreator.java:174)
	at com.google.inject.internal.InternalInjectorCreator.build(InternalInjectorCreator.java:110)
	at com.google.inject.Guice.createInjector(Guice.java:96)
	at com.google.inject.Guice.createInjector(Guice.java:73)
	at com.google.inject.Guice.createInjector(Guice.java:62)
	at play.api.inject.guice.GuiceBuilder.injector(GuiceInjectorBuilder.scala:126)
	at play.api.inject.guice.GuiceApplicationBuilder.build(GuiceApplicationBuilder.scala:93)
	at play.api.test.FakeApplication.&lt;init&gt;(Fakes.scala:216)
	at play.test.FakeApplication.&lt;init&gt;(FakeApplication.java:53)
	at play.test.FakeApplication.&lt;init&gt;(FakeApplication.java:70)
	at play.test.Helpers.fakeApplication(Helpers.java:160)
	at OrderControllerTest.initializeData(OrderControllerTest.java:61)
	at sun.reflect.NativeMethodAccessorImpl.invoke0(Native Method)
	at sun.reflect.NativeMethodAccessorImpl.invoke(NativeMethodAccessorImpl.java:62)
	at sun.reflect.DelegatingMethodAccessorImpl.invoke(DelegatingMethodAccessorImpl.java:43)
	at java.lang.reflect.Method.invoke(Method.java:497)
	at org.junit.runners.model.FrameworkMethod$1.runReflectiveCall(FrameworkMethod.java:47)
	at org.junit.internal.runners.model.ReflectiveCallable.run(ReflectiveCallable.java:12)
	at org.junit.runners.model.FrameworkMethod.invokeExplosively(FrameworkMethod.java:44)
	at org.junit.internal.runners.statements.RunBefores.evaluate(RunBefores.java:24)
	at org.junit.internal.runners.statements.RunAfters.evaluate(RunAfters.java:27)
	at org.junit.runners.ParentRunner.runLeaf(ParentRunner.java:271)
	at org.junit.runners.BlockJUnit4ClassRunner.runChild(BlockJUnit4ClassRunner.java:70)
	at org.junit.runners.BlockJUnit4ClassRunner.runChild(BlockJUnit4ClassRunner.java:50)
	at org.junit.runners.ParentRunner$3.run(ParentRunner.java:238)
	at org.junit.runners.ParentRunner$1.schedule(ParentRunner.java:63)
	at org.junit.runners.ParentRunner.runChildren(ParentRunner.java:236)
	at org.junit.runners.ParentRunner.access$000(ParentRunner.java:53)
	at org.junit.runners.ParentRunner$2.evaluate(ParentRunner.java:229)
	at org.junit.internal.runners.statements.RunBefores.evaluate(RunBefores.java:26)
	at org.junit.runners.ParentRunner.run(ParentRunner.java:309)
	at org.junit.runners.Suite.runChild(Suite.java:127)
	at org.junit.runners.Suite.runChild(Suite.java:26)
	at org.junit.runners.ParentRunner$3.run(ParentRunner.java:238)
	at org.junit.runners.ParentRunner$1.schedule(ParentRunner.java:63)
	at org.junit.runners.ParentRunner.runChildren(ParentRunner.java:236)
	at org.junit.runners.ParentRunner.access$000(ParentRunner.java:53)
	at org.junit.runners.ParentRunner$2.evaluate(ParentRunner.java:229)
	at org.junit.runners.ParentRunner.run(ParentRunner.java:309)
	at org.junit.runner.JUnitCore.run(JUnitCore.java:160)
	at org.junit.runner.JUnitCore.run(JUnitCore.java:138)
	at com.novocode.junit.JUnitRunner$1.execute(JUnitRunner.java:132)
	at sbt.ForkMain$Run$2.call(ForkMain.java:294)
	at sbt.ForkMain$Run$2.call(ForkMain.java:284)
	at java.util.concurrent.FutureTask.run(FutureTask.java:266)
	at java.util.concurrent.ThreadPoolExecutor.runWorker(ThreadPoolExecutor.java:1142)
	at java.util.concurrent.ThreadPoolExecutor$Worker.run(ThreadPoolExecutor.java:617)
	at java.lang.Thread.run(Thread.java:745)
Caused by: Configuration error: Configuration error[Exception during pool initialization]
	at play.api.Configuration$.configError(Configuration.scala:178)
	at play.api.PlayConfig.reportError(Configuration.scala:1048)
	at play.api.db.HikariCPConnectionPool.create(HikariCPModule.scala:69)
	at play.api.db.PooledDatabase.createDataSource(Databases.scala:199)
	at play.api.db.DefaultDatabase.dataSource$lzycompute(Databases.scala:124)
	at play.api.db.DefaultDatabase.dataSource(Databases.scala:122)
	at play.api.db.DefaultDatabase.getConnection(Databases.scala:143)
	at play.api.db.DefaultDatabase.getConnection(Databases.scala:139)
	at play.api.db.DefaultDBApi$$anonfun$connect$1.apply(DefaultDBApi.scala:44)
	... 89 more
Caused by: com.zaxxer.hikari.pool.PoolInitializationException: Exception during pool initialization
	at com.zaxxer.hikari.pool.BaseHikariPool.initializeConnections(BaseHikariPool.java:542)
	at com.zaxxer.hikari.pool.BaseHikariPool.&lt;init&gt;(BaseHikariPool.java:171)
	at com.zaxxer.hikari.pool.HikariPool.&lt;init&gt;(HikariPool.java:60)
	at com.zaxxer.hikari.pool.HikariPool.&lt;init&gt;(HikariPool.java:48)
	at com.zaxxer.hikari.HikariDataSource.&lt;init&gt;(HikariDataSource.java:80)
	at play.api.db.HikariCPConnectionPool$$anonfun$1.apply(HikariCPModule.scala:58)
	at play.api.db.HikariCPConnectionPool$$anonfun$1.apply(HikariCPModule.scala:54)
	at scala.util.Try$.apply(Try.scala:191)
	at play.api.db.HikariCPConnectionPool.create(HikariCPModule.scala:54)
	... 95 more
Caused by: com.mysql.jdbc.exceptions.jdbc4.MySQLNonTransientConnectionException: Data source rejected establishment of connection,  message from server: &quot;Too many connections&quot;
	at sun.reflect.NativeConstructorAccessorImpl.newInstance0(Native Method)
	at sun.reflect.NativeConstructorAccessorImpl.newInstance(NativeConstructorAccessorImpl.java:62)
	at sun.reflect.DelegatingConstructorAccessorImpl.newInstance(DelegatingConstructorAccessorImpl.java:45)
	at java.lang.reflect.Constructor.newInstance(Constructor.java:422)
	at com.mysql.jdbc.Util.handleNewInstance(Util.java:411)
	at com.mysql.jdbc.Util.getInstance(Util.java:386)
	at com.mysql.jdbc.SQLError.createSQLException(SQLError.java:1013)
	at com.mysql.jdbc.SQLError.createSQLException(SQLError.java:987)
	at com.mysql.jdbc.SQLError.createSQLException(SQLError.java:982)
	at com.mysql.jdbc.MysqlIO.doHandshake(MysqlIO.java:1128)
	at com.mysql.jdbc.ConnectionImpl.coreConnect(ConnectionImpl.java:2336)
	at com.mysql.jdbc.ConnectionImpl.connectOneTryOnly(ConnectionImpl.java:2369)
	at com.mysql.jdbc.ConnectionImpl.createNewIO(ConnectionImpl.java:2153)
	at com.mysql.jdbc.ConnectionImpl.&lt;init&gt;(ConnectionImpl.java:792)
	at com.mysql.jdbc.JDBC4Connection.&lt;init&gt;(JDBC4Connection.java:47)
	at sun.reflect.GeneratedConstructorAccessor13.newInstance(Unknown Source)
	at sun.reflect.DelegatingConstructorAccessorImpl.newInstance(DelegatingConstructorAccessorImpl.java:45)
	at java.lang.reflect.Constructor.newInstance(Constructor.java:422)
	at com.mysql.jdbc.Util.handleNewInstance(Util.java:411)
	at com.mysql.jdbc.ConnectionImpl.getInstance(ConnectionImpl.java:381)
	at com.mysql.jdbc.NonRegisteringDriver.connect(NonRegisteringDriver.java:305)
	at com.zaxxer.hikari.util.DriverDataSource.getConnection(DriverDataSource.java:92)
	at com.zaxxer.hikari.util.DriverDataSource.getConnection(DriverDataSource.java:98)
	at com.zaxxer.hikari.pool.BaseHikariPool.addConnection(BaseHikariPool.java:438)
	at com.zaxxer.hikari.pool.BaseHikariPool.initializeConnections(BaseHikariPool.java:540)
	... 103 more

2) Error in custom provider, Configuration error: Configuration error[Cannot connect to database [default]]
  while locating play.api.db.DBApiProvider
  while locating play.api.db.DBApi
    for field at play.api.db.NamedDatabaseProvider.dbApi(DBModule.scala:80)
  while locating play.api.db.NamedDatabaseProvider
  at com.google.inject.util.Providers$GuicifiedProviderWithDependencies.initialize(Providers.java:149)
  at play.api.db.DBModule$$anonfun$namedDatabaseBindings$1.apply(DBModule.scala:34):
Binding(interface play.api.db.Database qualified with QualifierInstance(@play.db.NamedDatabase(value=default)) to ProviderTarget(play.api.db.NamedDatabaseProvider@11662f75)) (via modules: com.google.inject.util.Modules$OverrideModule -&gt; play.api.inject.guice.GuiceableModuleConversions$$anon$1)
Caused by: Configuration error: Configuration error[Cannot connect to database [default]]
	at play.api.Configuration$.configError(Configuration.scala:178)
	at play.api.Configuration.reportError(Configuration.scala:829)
	at play.api.db.DefaultDBApi$$anonfun$connect$1.apply(DefaultDBApi.scala:48)
	at play.api.db.DefaultDBApi$$anonfun$connect$1.apply(DefaultDBApi.scala:42)
	at scala.collection.immutable.List.foreach(List.scala:381)
	at play.api.db.DefaultDBApi.connect(DefaultDBApi.scala:42)
	at play.api.db.DBApiProvider.get$lzycompute(DBModule.scala:72)
	at play.api.db.DBApiProvider.get(DBModule.scala:62)
	at play.api.db.DBApiProvider.get(DBModule.scala:58)
	at com.google.inject.internal.ProviderInternalFactory.provision(ProviderInternalFactory.java:81)
	at com.google.inject.internal.BoundProviderFactory.provision(BoundProviderFactory.java:72)
	at com.google.inject.internal.ProviderInternalFactory.circularGet(ProviderInternalFactory.java:61)
	at com.google.inject.internal.BoundProviderFactory.get(BoundProviderFactory.java:62)
	at com.google.inject.internal.SingleFieldInjector.inject(SingleFieldInjector.java:54)
	at com.google.inject.internal.MembersInjectorImpl.injectMembers(MembersInjectorImpl.java:132)
	at com.google.inject.internal.MembersInjectorImpl$1.call(MembersInjectorImpl.java:93)
	at com.google.inject.internal.MembersInjectorImpl$1.call(MembersInjectorImpl.java:80)
	at com.google.inject.internal.InjectorImpl.callInContext(InjectorImpl.java:1103)
	at com.google.inject.internal.MembersInjectorImpl.injectAndNotify(MembersInjectorImpl.java:80)
	at com.google.inject.internal.MembersInjectorImpl.injectMembers(MembersInjectorImpl.java:62)
	at com.google.inject.internal.InjectorImpl.injectMembers(InjectorImpl.java:984)
	at com.google.inject.util.Providers$GuicifiedProviderWithDependencies.initialize(Providers.java:149)
	at com.google.inject.util.Providers$GuicifiedProviderWithDependencies$$FastClassByGuice$$2a7177aa.invoke(&lt;generated&gt;)
	at com.google.inject.internal.cglib.reflect.$FastMethod.invoke(FastMethod.java:53)
	at com.google.inject.internal.SingleMethodInjector$1.invoke(SingleMethodInjector.java:57)
	at com.google.inject.internal.SingleMethodInjector.inject(SingleMethodInjector.java:91)
	at com.google.inject.internal.MembersInjectorImpl.injectMembers(MembersInjectorImpl.java:132)
	at com.google.inject.internal.MembersInjectorImpl$1.call(MembersInjectorImpl.java:93)
	at com.google.inject.internal.MembersInjectorImpl$1.call(MembersInjectorImpl.java:80)
	at com.google.inject.internal.InjectorImpl.callInContext(InjectorImpl.java:1092)
	at com.google.inject.internal.MembersInjectorImpl.injectAndNotify(MembersInjectorImpl.java:80)
	at com.google.inject.internal.Initializer$InjectableReference.get(Initializer.java:174)
	at com.google.inject.internal.Initializer.injectAll(Initializer.java:108)
	at com.google.inject.internal.InternalInjectorCreator.injectDynamically(InternalInjectorCreator.java:174)
	at com.google.inject.internal.InternalInjectorCreator.build(InternalInjectorCreator.java:110)
	at com.google.inject.Guice.createInjector(Guice.java:96)
	at com.google.inject.Guice.createInjector(Guice.java:73)
	at com.google.inject.Guice.createInjector(Guice.java:62)
	at play.api.inject.guice.GuiceBuilder.injector(GuiceInjectorBuilder.scala:126)
	at play.api.inject.guice.GuiceApplicationBuilder.build(GuiceApplicationBuilder.scala:93)
	at play.api.test.FakeApplication.&lt;init&gt;(Fakes.scala:216)
	at play.test.FakeApplication.&lt;init&gt;(FakeApplication.java:53)
	at play.test.FakeApplication.&lt;init&gt;(FakeApplication.java:70)
	at play.test.Helpers.fakeApplication(Helpers.java:160)
	at OrderControllerTest.initializeData(OrderControllerTest.java:61)
	at sun.reflect.NativeMethodAccessorImpl.invoke0(Native Method)
	at sun.reflect.NativeMethodAccessorImpl.invoke(NativeMethodAccessorImpl.java:62)
	at sun.reflect.DelegatingMethodAccessorImpl.invoke(DelegatingMethodAccessorImpl.java:43)
	at java.lang.reflect.Method.invoke(Method.java:497)
	at org.junit.runners.model.FrameworkMethod$1.runReflectiveCall(FrameworkMethod.java:47)
	at org.junit.internal.runners.model.ReflectiveCallable.run(ReflectiveCallable.java:12)
	at org.junit.runners.model.FrameworkMethod.invokeExplosively(FrameworkMethod.java:44)
	at org.junit.internal.runners.statements.RunBefores.evaluate(RunBefores.java:24)
	at org.junit.internal.runners.statements.RunAfters.evaluate(RunAfters.java:27)
	at org.junit.runners.ParentRunner.runLeaf(ParentRunner.java:271)
	at org.junit.runners.BlockJUnit4ClassRunner.runChild(BlockJUnit4ClassRunner.java:70)
	at org.junit.runners.BlockJUnit4ClassRunner.runChild(BlockJUnit4ClassRunner.java:50)
	at org.junit.runners.ParentRunner$3.run(ParentRunner.java:238)
	at org.junit.runners.ParentRunner$1.schedule(ParentRunner.java:63)
	at org.junit.runners.ParentRunner.runChildren(ParentRunner.java:236)
	at org.junit.runners.ParentRunner.access$000(ParentRunner.java:53)
	at org.junit.runners.ParentRunner$2.evaluate(ParentRunner.java:229)
	at org.junit.internal.runners.statements.RunBefores.evaluate(RunBefores.java:26)
	at org.junit.runners.ParentRunner.run(ParentRunner.java:309)
	at org.junit.runners.Suite.runChild(Suite.java:127)
	at org.junit.runners.Suite.runChild(Suite.java:26)
	at org.junit.runners.ParentRunner$3.run(ParentRunner.java:238)
	at org.junit.runners.ParentRunner$1.schedule(ParentRunner.java:63)
	at org.junit.runners.ParentRunner.runChildren(ParentRunner.java:236)
	at org.junit.runners.ParentRunner.access$000(ParentRunner.java:53)
	at org.junit.runners.ParentRunner$2.evaluate(ParentRunner.java:229)
	at org.junit.runners.ParentRunner.run(ParentRunner.java:309)
	at org.junit.runner.JUnitCore.run(JUnitCore.java:160)
	at org.junit.runner.JUnitCore.run(JUnitCore.java:138)
	at com.novocode.junit.JUnitRunner$1.execute(JUnitRunner.java:132)
	at sbt.ForkMain$Run$2.call(ForkMain.java:294)
	at sbt.ForkMain$Run$2.call(ForkMain.java:284)
	at java.util.concurrent.FutureTask.run(FutureTask.java:266)
	at java.util.concurrent.ThreadPoolExecutor.runWorker(ThreadPoolExecutor.java:1142)
	at java.util.concurrent.ThreadPoolExecutor$Worker.run(ThreadPoolExecutor.java:617)
	at java.lang.Thread.run(Thread.java:745)
Caused by: Configuration error: Configuration error[Exception during pool initialization]
	at play.api.Configuration$.configError(Configuration.scala:178)
	at play.api.PlayConfig.reportError(Configuration.scala:1048)
	at play.api.db.HikariCPConnectionPool.create(HikariCPModule.scala:69)
	at play.api.db.PooledDatabase.createDataSource(Databases.scala:199)
	at play.api.db.DefaultDatabase.dataSource$lzycompute(Databases.scala:124)
	at play.api.db.DefaultDatabase.dataSource(Databases.scala:122)
	at play.api.db.DefaultDatabase.getConnection(Databases.scala:143)
	at play.api.db.DefaultDatabase.getConnection(Databases.scala:139)
	at play.api.db.DefaultDBApi$$anonfun$connect$1.apply(DefaultDBApi.scala:44)
	... 78 more
Caused by: com.zaxxer.hikari.pool.PoolInitializationException: Exception during pool initialization
	at com.zaxxer.hikari.pool.BaseHikariPool.initializeConnections(BaseHikariPool.java:542)
	at com.zaxxer.hikari.pool.BaseHikariPool.&lt;init&gt;(BaseHikariPool.java:171)
	at com.zaxxer.hikari.pool.HikariPool.&lt;init&gt;(HikariPool.java:60)
	at com.zaxxer.hikari.pool.HikariPool.&lt;init&gt;(HikariPool.java:48)
	at com.zaxxer.hikari.HikariDataSource.&lt;init&gt;(HikariDataSource.java:80)
	at play.api.db.HikariCPConnectionPool$$anonfun$1.apply(HikariCPModule.scala:58)
	at play.api.db.HikariCPConnectionPool$$anonfun$1.apply(HikariCPModule.scala:54)
	at scala.util.Try$.apply(Try.scala:191)
	at play.api.db.HikariCPConnectionPool.create(HikariCPModule.scala:54)
	... 84 more
Caused by: com.mysql.jdbc.exceptions.jdbc4.MySQLNonTransientConnectionException: Data source rejected establishment of connection,  message from server: &quot;Too many connections&quot;
	at sun.reflect.NativeConstructorAccessorImpl.newInstance0(Native Method)
	at sun.reflect.NativeConstructorAccessorImpl.newInstance(NativeConstructorAccessorImpl.java:62)
	at sun.reflect.DelegatingConstructorAccessorImpl.newInstance(DelegatingConstructorAccessorImpl.java:45)
	at java.lang.reflect.Constructor.newInstance(Constructor.java:422)
	at com.mysql.jdbc.Util.handleNewInstance(Util.java:411)
	at com.mysql.jdbc.Util.getInstance(Util.java:386)
	at com.mysql.jdbc.SQLError.createSQLException(SQLError.java:1013)
	at com.mysql.jdbc.SQLError.createSQLException(SQLError.java:987)
	at com.mysql.jdbc.SQLError.createSQLException(SQLError.java:982)
	at com.mysql.jdbc.MysqlIO.doHandshake(MysqlIO.java:1128)
	at com.mysql.jdbc.ConnectionImpl.coreConnect(ConnectionImpl.java:2336)
	at com.mysql.jdbc.ConnectionImpl.connectOneTryOnly(ConnectionImpl.java:2369)
	at com.mysql.jdbc.ConnectionImpl.createNewIO(ConnectionImpl.java:2153)
	at com.mysql.jdbc.ConnectionImpl.&lt;init&gt;(ConnectionImpl.java:792)
	at com.mysql.jdbc.JDBC4Connection.&lt;init&gt;(JDBC4Connection.java:47)
	at sun.reflect.GeneratedConstructorAccessor13.newInstance(Unknown Source)
	at sun.reflect.DelegatingConstructorAccessorImpl.newInstance(DelegatingConstructorAccessorImpl.java:45)
	at java.lang.reflect.Constructor.newInstance(Constructor.java:422)
	at com.mysql.jdbc.Util.handleNewInstance(Util.java:411)
	at com.mysql.jdbc.ConnectionImpl.getInstance(ConnectionImpl.java:381)
	at com.mysql.jdbc.NonRegisteringDriver.connect(NonRegisteringDriver.java:305)
	at com.zaxxer.hikari.util.DriverDataSource.getConnection(DriverDataSource.java:92)
	at com.zaxxer.hikari.util.DriverDataSource.getConnection(DriverDataSource.java:98)
	at com.zaxxer.hikari.pool.BaseHikariPool.addConnection(BaseHikariPool.java:438)
	at com.zaxxer.hikari.pool.BaseHikariPool.initializeConnections(BaseHikariPool.java:540)
	... 92 more

2 errors
	at com.google.inject.internal.Errors.throwCreationExceptionIfErrorsExist(Errors.java:466)
	at com.google.inject.internal.InternalInjectorCreator.injectDynamically(InternalInjectorCreator.java:176)
	at com.google.inject.internal.InternalInjectorCreator.build(InternalInjectorCreator.java:110)
	at com.google.inject.Guice.createInjector(Guice.java:96)
	at com.google.inject.Guice.createInjector(Guice.java:73)
	at com.google.inject.Guice.createInjector(Guice.java:62)
	at play.api.inject.guice.GuiceBuilder.injector(GuiceInjectorBuilder.scala:126)
	at play.api.inject.guice.GuiceApplicationBuilder.build(GuiceApplicationBuilder.scala:93)
	at play.api.test.FakeApplication.&lt;init&gt;(Fakes.scala:216)
	at play.test.FakeApplication.&lt;init&gt;(FakeApplication.java:53)
	at play.test.FakeApplication.&lt;init&gt;(FakeApplication.java:70)
	at play.test.Helpers.fakeApplication(Helpers.java:160)
	at OrderControllerTest.initializeData(OrderControllerTest.java:61)
	at sun.reflect.NativeMethodAccessorImpl.invoke0(Native Method)
	at sun.reflect.NativeMethodAccessorImpl.invoke(NativeMethodAccessorImpl.java:62)
	at sun.reflect.DelegatingMethodAccessorImpl.invoke(DelegatingMethodAccessorImpl.java:43)
	at java.lang.reflect.Method.invoke(Method.java:497)
	at org.junit.runners.model.FrameworkMethod$1.runReflectiveCall(FrameworkMethod.java:47)
	at org.junit.internal.runners.model.ReflectiveCallable.run(ReflectiveCallable.java:12)
	at org.junit.runners.model.FrameworkMethod.invokeExplosively(FrameworkMethod.java:44)
	at org.junit.internal.runners.statements.RunBefores.evaluate(RunBefores.java:24)
	at org.junit.internal.runners.statements.RunAfters.evaluate(RunAfters.java:27)
	at org.junit.runners.ParentRunner.runLeaf(ParentRunner.java:271)
	at org.junit.runners.BlockJUnit4ClassRunner.runChild(BlockJUnit4ClassRunner.java:70)
	at org.junit.runners.BlockJUnit4ClassRunner.runChild(BlockJUnit4ClassRunner.java:50)
	at org.junit.runners.ParentRunner$3.run(ParentRunner.java:238)
	at org.junit.runners.ParentRunner$1.schedule(ParentRunner.java:63)
	at org.junit.runners.ParentRunner.runChildren(ParentRunner.java:236)
	at org.junit.runners.ParentRunner.access$000(ParentRunner.java:53)
	at org.junit.runners.ParentRunner$2.evaluate(ParentRunner.java:229)
	at org.junit.internal.runners.statements.RunBefores.evaluate(RunBefores.java:26)
	at org.junit.runners.ParentRunner.run(ParentRunner.java:309)
	at org.junit.runners.Suite.runChild(Suite.java:127)
	at org.junit.runners.Suite.runChild(Suite.java:26)
	at org.junit.runners.ParentRunner$3.run(ParentRunner.java:238)
	at org.junit.runners.ParentRunner$1.schedule(ParentRunner.java:63)
	at org.junit.runners.ParentRunner.runChildren(ParentRunner.java:236)
	at org.junit.runners.ParentRunner.access$000(ParentRunner.java:53)
	at org.junit.runners.ParentRunner$2.evaluate(ParentRunner.java:229)
	at org.junit.runners.ParentRunner.run(ParentRunner.java:309)
	at org.junit.runner.JUnitCore.run(JUnitCore.java:160)
	at org.junit.runner.JUnitCore.run(JUnitCore.java:138)
	at com.novocode.junit.JUnitRunner$1.execute(JUnitRunner.java:132)
	at sbt.ForkMain$Run$2.call(ForkMain.java:294)
	at sbt.ForkMain$Run$2.call(ForkMain.java:284)
	at java.util.concurrent.FutureTask.run(FutureTask.java:266)
	at java.util.concurrent.ThreadPoolExecutor.runWorker(ThreadPoolExecutor.java:1142)
	at java.util.concurrent.ThreadPoolExecutor$Worker.run(ThreadPoolExecutor.java:617)
	at java.lang.Thread.run(Thread.java:745)
</failure>
                                               </testcase><testcase classname="OrderControllerTest" name="testPageOrdersByCustomerName" time="0.352">
                                                 <failure message="Unable to create injector, see the following errors:

1) Error in custom provider, Configuration error: Configuration error[Cannot connect to database [default]]
  while locating play.api.db.DBApiProvider
  while locating play.api.db.DBApi
    for field at play.api.db.NamedDatabaseProvider.dbApi(DBModule.scala:80)
  while locating play.api.db.NamedDatabaseProvider
  at com.google.inject.util.Providers$GuicifiedProviderWithDependencies.initialize(Providers.java:149)
  at play.api.db.DBModule$$anonfun$namedDatabaseBindings$1.apply(DBModule.scala:34):
Binding(interface play.api.db.Database qualified with QualifierInstance(@play.db.NamedDatabase(value=default)) to ProviderTarget(play.api.db.NamedDatabaseProvider@33b99651)) (via modules: com.google.inject.util.Modules$OverrideModule -&gt; play.api.inject.guice.GuiceableModuleConversions$$anon$1)
Caused by: Configuration error: Configuration error[Cannot connect to database [default]]
	at play.api.Configuration$.configError(Configuration.scala:178)
	at play.api.Configuration.reportError(Configuration.scala:829)
	at play.api.db.DefaultDBApi$$anonfun$connect$1.apply(DefaultDBApi.scala:48)
	at play.api.db.DefaultDBApi$$anonfun$connect$1.apply(DefaultDBApi.scala:42)
	at scala.collection.immutable.List.foreach(List.scala:381)
	at play.api.db.DefaultDBApi.connect(DefaultDBApi.scala:42)
	at play.api.db.DBApiProvider.get$lzycompute(DBModule.scala:72)
	at play.api.db.DBApiProvider.get(DBModule.scala:62)
	at play.api.db.DBApiProvider.get(DBModule.scala:58)
	at com.google.inject.internal.ProviderInternalFactory.provision(ProviderInternalFactory.java:81)
	at com.google.inject.internal.BoundProviderFactory.provision(BoundProviderFactory.java:72)
	at com.google.inject.internal.ProviderInternalFactory.circularGet(ProviderInternalFactory.java:61)
	at com.google.inject.internal.BoundProviderFactory.get(BoundProviderFactory.java:62)
	at com.google.inject.internal.SingleFieldInjector.inject(SingleFieldInjector.java:54)
	at com.google.inject.internal.MembersInjectorImpl.injectMembers(MembersInjectorImpl.java:132)
	at com.google.inject.internal.MembersInjectorImpl$1.call(MembersInjectorImpl.java:93)
	at com.google.inject.internal.MembersInjectorImpl$1.call(MembersInjectorImpl.java:80)
	at com.google.inject.internal.InjectorImpl.callInContext(InjectorImpl.java:1103)
	at com.google.inject.internal.MembersInjectorImpl.injectAndNotify(MembersInjectorImpl.java:80)
	at com.google.inject.internal.MembersInjectorImpl.injectMembers(MembersInjectorImpl.java:62)
	at com.google.inject.internal.InjectorImpl.injectMembers(InjectorImpl.java:984)
	at com.google.inject.util.Providers$GuicifiedProviderWithDependencies.initialize(Providers.java:149)
	at com.google.inject.util.Providers$GuicifiedProviderWithDependencies$$FastClassByGuice$$2a7177aa.invoke(&lt;generated&gt;)
	at com.google.inject.internal.cglib.reflect.$FastMethod.invoke(FastMethod.java:53)
	at com.google.inject.internal.SingleMethodInjector$1.invoke(SingleMethodInjector.java:57)
	at com.google.inject.internal.SingleMethodInjector.inject(SingleMethodInjector.java:91)
	at com.google.inject.internal.MembersInjectorImpl.injectMembers(MembersInjectorImpl.java:132)
	at com.google.inject.internal.MembersInjectorImpl$1.call(MembersInjectorImpl.java:93)
	at com.google.inject.internal.MembersInjectorImpl$1.call(MembersInjectorImpl.java:80)
	at com.google.inject.internal.InjectorImpl.callInContext(InjectorImpl.java:1092)
	at com.google.inject.internal.MembersInjectorImpl.injectAndNotify(MembersInjectorImpl.java:80)
	at com.google.inject.internal.Initializer$InjectableReference.get(Initializer.java:174)
	at com.google.inject.internal.Initializer.injectAll(Initializer.java:108)
	at com.google.inject.internal.InternalInjectorCreator.injectDynamically(InternalInjectorCreator.java:174)
	at com.google.inject.internal.InternalInjectorCreator.build(InternalInjectorCreator.java:110)
	at com.google.inject.Guice.createInjector(Guice.java:96)
	at com.google.inject.Guice.createInjector(Guice.java:73)
	at com.google.inject.Guice.createInjector(Guice.java:62)
	at play.api.inject.guice.GuiceBuilder.injector(GuiceInjectorBuilder.scala:126)
	at play.api.inject.guice.GuiceApplicationBuilder.build(GuiceApplicationBuilder.scala:93)
	at play.api.test.FakeApplication.&lt;init&gt;(Fakes.scala:216)
	at play.test.FakeApplication.&lt;init&gt;(FakeApplication.java:53)
	at play.test.FakeApplication.&lt;init&gt;(FakeApplication.java:70)
	at play.test.Helpers.fakeApplication(Helpers.java:160)
	at OrderControllerTest.initializeData(OrderControllerTest.java:61)
	at sun.reflect.NativeMethodAccessorImpl.invoke0(Native Method)
	at sun.reflect.NativeMethodAccessorImpl.invoke(NativeMethodAccessorImpl.java:62)
	at sun.reflect.DelegatingMethodAccessorImpl.invoke(DelegatingMethodAccessorImpl.java:43)
	at java.lang.reflect.Method.invoke(Method.java:497)
	at org.junit.runners.model.FrameworkMethod$1.runReflectiveCall(FrameworkMethod.java:47)
	at org.junit.internal.runners.model.ReflectiveCallable.run(ReflectiveCallable.java:12)
	at org.junit.runners.model.FrameworkMethod.invokeExplosively(FrameworkMethod.java:44)
	at org.junit.internal.runners.statements.RunBefores.evaluate(RunBefores.java:24)
	at org.junit.internal.runners.statements.RunAfters.evaluate(RunAfters.java:27)
	at org.junit.runners.ParentRunner.runLeaf(ParentRunner.java:271)
	at org.junit.runners.BlockJUnit4ClassRunner.runChild(BlockJUnit4ClassRunner.java:70)
	at org.junit.runners.BlockJUnit4ClassRunner.runChild(BlockJUnit4ClassRunner.java:50)
	at org.junit.runners.ParentRunner$3.run(ParentRunner.java:238)
	at org.junit.runners.ParentRunner$1.schedule(ParentRunner.java:63)
	at org.junit.runners.ParentRunner.runChildren(ParentRunner.java:236)
	at org.junit.runners.ParentRunner.access$000(ParentRunner.java:53)
	at org.junit.runners.ParentRunner$2.evaluate(ParentRunner.java:229)
	at org.junit.internal.runners.statements.RunBefores.evaluate(RunBefores.java:26)
	at org.junit.runners.ParentRunner.run(ParentRunner.java:309)
	at org.junit.runners.Suite.runChild(Suite.java:127)
	at org.junit.runners.Suite.runChild(Suite.java:26)
	at org.junit.runners.ParentRunner$3.run(ParentRunner.java:238)
	at org.junit.runners.ParentRunner$1.schedule(ParentRunner.java:63)
	at org.junit.runners.ParentRunner.runChildren(ParentRunner.java:236)
	at org.junit.runners.ParentRunner.access$000(ParentRunner.java:53)
	at org.junit.runners.ParentRunner$2.evaluate(ParentRunner.java:229)
	at org.junit.runners.ParentRunner.run(ParentRunner.java:309)
	at org.junit.runner.JUnitCore.run(JUnitCore.java:160)
	at org.junit.runner.JUnitCore.run(JUnitCore.java:138)
	at com.novocode.junit.JUnitRunner$1.execute(JUnitRunner.java:132)
	at sbt.ForkMain$Run$2.call(ForkMain.java:294)
	at sbt.ForkMain$Run$2.call(ForkMain.java:284)
	at java.util.concurrent.FutureTask.run(FutureTask.java:266)
	at java.util.concurrent.ThreadPoolExecutor.runWorker(ThreadPoolExecutor.java:1142)
	at java.util.concurrent.ThreadPoolExecutor$Worker.run(ThreadPoolExecutor.java:617)
	at java.lang.Thread.run(Thread.java:745)
Caused by: Configuration error: Configuration error[Exception during pool initialization]
	at play.api.Configuration$.configError(Configuration.scala:178)
	at play.api.PlayConfig.reportError(Configuration.scala:1048)
	at play.api.db.HikariCPConnectionPool.create(HikariCPModule.scala:69)
	at play.api.db.PooledDatabase.createDataSource(Databases.scala:199)
	at play.api.db.DefaultDatabase.dataSource$lzycompute(Databases.scala:124)
	at play.api.db.DefaultDatabase.dataSource(Databases.scala:122)
	at play.api.db.DefaultDatabase.getConnection(Databases.scala:143)
	at play.api.db.DefaultDatabase.getConnection(Databases.scala:139)
	at play.api.db.DefaultDBApi$$anonfun$connect$1.apply(DefaultDBApi.scala:44)
	... 78 more
Caused by: com.zaxxer.hikari.pool.PoolInitializationException: Exception during pool initialization
	at com.zaxxer.hikari.pool.BaseHikariPool.initializeConnections(BaseHikariPool.java:542)
	at com.zaxxer.hikari.pool.BaseHikariPool.&lt;init&gt;(BaseHikariPool.java:171)
	at com.zaxxer.hikari.pool.HikariPool.&lt;init&gt;(HikariPool.java:60)
	at com.zaxxer.hikari.pool.HikariPool.&lt;init&gt;(HikariPool.java:48)
	at com.zaxxer.hikari.HikariDataSource.&lt;init&gt;(HikariDataSource.java:80)
	at play.api.db.HikariCPConnectionPool$$anonfun$1.apply(HikariCPModule.scala:58)
	at play.api.db.HikariCPConnectionPool$$anonfun$1.apply(HikariCPModule.scala:54)
	at scala.util.Try$.apply(Try.scala:191)
	at play.api.db.HikariCPConnectionPool.create(HikariCPModule.scala:54)
	... 84 more
Caused by: com.mysql.jdbc.exceptions.jdbc4.MySQLNonTransientConnectionException: Data source rejected establishment of connection,  message from server: &quot;Too many connections&quot;
	at sun.reflect.NativeConstructorAccessorImpl.newInstance0(Native Method)
	at sun.reflect.NativeConstructorAccessorImpl.newInstance(NativeConstructorAccessorImpl.java:62)
	at sun.reflect.DelegatingConstructorAccessorImpl.newInstance(DelegatingConstructorAccessorImpl.java:45)
	at java.lang.reflect.Constructor.newInstance(Constructor.java:422)
	at com.mysql.jdbc.Util.handleNewInstance(Util.java:411)
	at com.mysql.jdbc.Util.getInstance(Util.java:386)
	at com.mysql.jdbc.SQLError.createSQLException(SQLError.java:1013)
	at com.mysql.jdbc.SQLError.createSQLException(SQLError.java:987)
	at com.mysql.jdbc.SQLError.createSQLException(SQLError.java:982)
	at com.mysql.jdbc.MysqlIO.doHandshake(MysqlIO.java:1128)
	at com.mysql.jdbc.ConnectionImpl.coreConnect(ConnectionImpl.java:2336)
	at com.mysql.jdbc.ConnectionImpl.connectOneTryOnly(ConnectionImpl.java:2369)
	at com.mysql.jdbc.ConnectionImpl.createNewIO(ConnectionImpl.java:2153)
	at com.mysql.jdbc.ConnectionImpl.&lt;init&gt;(ConnectionImpl.java:792)
	at com.mysql.jdbc.JDBC4Connection.&lt;init&gt;(JDBC4Connection.java:47)
	at sun.reflect.GeneratedConstructorAccessor13.newInstance(Unknown Source)
	at sun.reflect.DelegatingConstructorAccessorImpl.newInstance(DelegatingConstructorAccessorImpl.java:45)
	at java.lang.reflect.Constructor.newInstance(Constructor.java:422)
	at com.mysql.jdbc.Util.handleNewInstance(Util.java:411)
	at com.mysql.jdbc.ConnectionImpl.getInstance(ConnectionImpl.java:381)
	at com.mysql.jdbc.NonRegisteringDriver.connect(NonRegisteringDriver.java:305)
	at com.zaxxer.hikari.util.DriverDataSource.getConnection(DriverDataSource.java:92)
	at com.zaxxer.hikari.util.DriverDataSource.getConnection(DriverDataSource.java:98)
	at com.zaxxer.hikari.pool.BaseHikariPool.addConnection(BaseHikariPool.java:438)
	at com.zaxxer.hikari.pool.BaseHikariPool.initializeConnections(BaseHikariPool.java:540)
	... 92 more

2) Error in custom provider, Configuration error: Configuration error[Cannot connect to database [default]]
  while locating play.api.db.DBApiProvider
  while locating play.api.db.DBApi
    for parameter 0 at play.db.DefaultDBApi.&lt;init&gt;(DefaultDBApi.java:28)
  at play.db.DefaultDBApi.class(DefaultDBApi.java:28)
  while locating play.db.DefaultDBApi
  while locating play.db.DBApi
    for field at play.db.DBModule$NamedDatabaseProvider.dbApi(DBModule.java:61)
  while locating play.db.DBModule$NamedDatabaseProvider
  at com.google.inject.util.Providers$GuicifiedProviderWithDependencies.initialize(Providers.java:149)
  at play.db.DBModule.bindings(DBModule.java:40):
Binding(interface play.db.Database qualified with QualifierInstance(@play.db.NamedDatabase(value=default)) to ProviderTarget(play.db.DBModule$NamedDatabaseProvider@26b1bf6c)) (via modules: com.google.inject.util.Modules$OverrideModule -&gt; play.api.inject.guice.GuiceableModuleConversions$$anon$1)
Caused by: Configuration error: Configuration error[Cannot connect to database [default]]
	at play.api.Configuration$.configError(Configuration.scala:178)
	at play.api.Configuration.reportError(Configuration.scala:829)
	at play.api.db.DefaultDBApi$$anonfun$connect$1.apply(DefaultDBApi.scala:48)
	at play.api.db.DefaultDBApi$$anonfun$connect$1.apply(DefaultDBApi.scala:42)
	at scala.collection.immutable.List.foreach(List.scala:381)
	at play.api.db.DefaultDBApi.connect(DefaultDBApi.scala:42)
	at play.api.db.DBApiProvider.get$lzycompute(DBModule.scala:72)
	at play.api.db.DBApiProvider.get(DBModule.scala:62)
	at play.api.db.DBApiProvider.get(DBModule.scala:58)
	at com.google.inject.internal.ProviderInternalFactory.provision(ProviderInternalFactory.java:81)
	at com.google.inject.internal.BoundProviderFactory.provision(BoundProviderFactory.java:72)
	at com.google.inject.internal.ProviderInternalFactory.circularGet(ProviderInternalFactory.java:61)
	at com.google.inject.internal.BoundProviderFactory.get(BoundProviderFactory.java:62)
	at com.google.inject.internal.SingleParameterInjector.inject(SingleParameterInjector.java:38)
	at com.google.inject.internal.SingleParameterInjector.getAll(SingleParameterInjector.java:62)
	at com.google.inject.internal.ConstructorInjector.provision(ConstructorInjector.java:104)
	at com.google.inject.internal.ConstructorInjector.construct(ConstructorInjector.java:85)
	at com.google.inject.internal.ConstructorBindingImpl$Factory.get(ConstructorBindingImpl.java:267)
	at com.google.inject.internal.ProviderToInternalFactoryAdapter$1.call(ProviderToInternalFactoryAdapter.java:46)
	at com.google.inject.internal.InjectorImpl.callInContext(InjectorImpl.java:1103)
	at com.google.inject.internal.ProviderToInternalFactoryAdapter.get(ProviderToInternalFactoryAdapter.java:40)
	at com.google.inject.internal.SingletonScope$1.get(SingletonScope.java:145)
	at com.google.inject.internal.InternalFactoryToProviderAdapter.get(InternalFactoryToProviderAdapter.java:41)
	at com.google.inject.internal.FactoryProxy.get(FactoryProxy.java:56)
	at com.google.inject.internal.SingleFieldInjector.inject(SingleFieldInjector.java:54)
	at com.google.inject.internal.MembersInjectorImpl.injectMembers(MembersInjectorImpl.java:132)
	at com.google.inject.internal.MembersInjectorImpl$1.call(MembersInjectorImpl.java:93)
	at com.google.inject.internal.MembersInjectorImpl$1.call(MembersInjectorImpl.java:80)
	at com.google.inject.internal.InjectorImpl.callInContext(InjectorImpl.java:1103)
	at com.google.inject.internal.MembersInjectorImpl.injectAndNotify(MembersInjectorImpl.java:80)
	at com.google.inject.internal.MembersInjectorImpl.injectMembers(MembersInjectorImpl.java:62)
	at com.google.inject.internal.InjectorImpl.injectMembers(InjectorImpl.java:984)
	at com.google.inject.util.Providers$GuicifiedProviderWithDependencies.initialize(Providers.java:149)
	at com.google.inject.util.Providers$GuicifiedProviderWithDependencies$$FastClassByGuice$$2a7177aa.invoke(&lt;generated&gt;)
	at com.google.inject.internal.cglib.reflect.$FastMethod.invoke(FastMethod.java:53)
	at com.google.inject.internal.SingleMethodInjector$1.invoke(SingleMethodInjector.java:57)
	at com.google.inject.internal.SingleMethodInjector.inject(SingleMethodInjector.java:91)
	at com.google.inject.internal.MembersInjectorImpl.injectMembers(MembersInjectorImpl.java:132)
	at com.google.inject.internal.MembersInjectorImpl$1.call(MembersInjectorImpl.java:93)
	at com.google.inject.internal.MembersInjectorImpl$1.call(MembersInjectorImpl.java:80)
	at com.google.inject.internal.InjectorImpl.callInContext(InjectorImpl.java:1092)
	at com.google.inject.internal.MembersInjectorImpl.injectAndNotify(MembersInjectorImpl.java:80)
	at com.google.inject.internal.Initializer$InjectableReference.get(Initializer.java:174)
	at com.google.inject.internal.Initializer.injectAll(Initializer.java:108)
	at com.google.inject.internal.InternalInjectorCreator.injectDynamically(InternalInjectorCreator.java:174)
	at com.google.inject.internal.InternalInjectorCreator.build(InternalInjectorCreator.java:110)
	at com.google.inject.Guice.createInjector(Guice.java:96)
	at com.google.inject.Guice.createInjector(Guice.java:73)
	at com.google.inject.Guice.createInjector(Guice.java:62)
	at play.api.inject.guice.GuiceBuilder.injector(GuiceInjectorBuilder.scala:126)
	at play.api.inject.guice.GuiceApplicationBuilder.build(GuiceApplicationBuilder.scala:93)
	at play.api.test.FakeApplication.&lt;init&gt;(Fakes.scala:216)
	at play.test.FakeApplication.&lt;init&gt;(FakeApplication.java:53)
	at play.test.FakeApplication.&lt;init&gt;(FakeApplication.java:70)
	at play.test.Helpers.fakeApplication(Helpers.java:160)
	at OrderControllerTest.initializeData(OrderControllerTest.java:61)
	at sun.reflect.NativeMethodAccessorImpl.invoke0(Native Method)
	at sun.reflect.NativeMethodAccessorImpl.invoke(NativeMethodAccessorImpl.java:62)
	at sun.reflect.DelegatingMethodAccessorImpl.invoke(DelegatingMethodAccessorImpl.java:43)
	at java.lang.reflect.Method.invoke(Method.java:497)
	at org.junit.runners.model.FrameworkMethod$1.runReflectiveCall(FrameworkMethod.java:47)
	at org.junit.internal.runners.model.ReflectiveCallable.run(ReflectiveCallable.java:12)
	at org.junit.runners.model.FrameworkMethod.invokeExplosively(FrameworkMethod.java:44)
	at org.junit.internal.runners.statements.RunBefores.evaluate(RunBefores.java:24)
	at org.junit.internal.runners.statements.RunAfters.evaluate(RunAfters.java:27)
	at org.junit.runners.ParentRunner.runLeaf(ParentRunner.java:271)
	at org.junit.runners.BlockJUnit4ClassRunner.runChild(BlockJUnit4ClassRunner.java:70)
	at org.junit.runners.BlockJUnit4ClassRunner.runChild(BlockJUnit4ClassRunner.java:50)
	at org.junit.runners.ParentRunner$3.run(ParentRunner.java:238)
	at org.junit.runners.ParentRunner$1.schedule(ParentRunner.java:63)
	at org.junit.runners.ParentRunner.runChildren(ParentRunner.java:236)
	at org.junit.runners.ParentRunner.access$000(ParentRunner.java:53)
	at org.junit.runners.ParentRunner$2.evaluate(ParentRunner.java:229)
	at org.junit.internal.runners.statements.RunBefores.evaluate(RunBefores.java:26)
	at org.junit.runners.ParentRunner.run(ParentRunner.java:309)
	at org.junit.runners.Suite.runChild(Suite.java:127)
	at org.junit.runners.Suite.runChild(Suite.java:26)
	at org.junit.runners.ParentRunner$3.run(ParentRunner.java:238)
	at org.junit.runners.ParentRunner$1.schedule(ParentRunner.java:63)
	at org.junit.runners.ParentRunner.runChildren(ParentRunner.java:236)
	at org.junit.runners.ParentRunner.access$000(ParentRunner.java:53)
	at org.junit.runners.ParentRunner$2.evaluate(ParentRunner.java:229)
	at org.junit.runners.ParentRunner.run(ParentRunner.java:309)
	at org.junit.runner.JUnitCore.run(JUnitCore.java:160)
	at org.junit.runner.JUnitCore.run(JUnitCore.java:138)
	at com.novocode.junit.JUnitRunner$1.execute(JUnitRunner.java:132)
	at sbt.ForkMain$Run$2.call(ForkMain.java:294)
	at sbt.ForkMain$Run$2.call(ForkMain.java:284)
	at java.util.concurrent.FutureTask.run(FutureTask.java:266)
	at java.util.concurrent.ThreadPoolExecutor.runWorker(ThreadPoolExecutor.java:1142)
	at java.util.concurrent.ThreadPoolExecutor$Worker.run(ThreadPoolExecutor.java:617)
	at java.lang.Thread.run(Thread.java:745)
Caused by: Configuration error: Configuration error[Exception during pool initialization]
	at play.api.Configuration$.configError(Configuration.scala:178)
	at play.api.PlayConfig.reportError(Configuration.scala:1048)
	at play.api.db.HikariCPConnectionPool.create(HikariCPModule.scala:69)
	at play.api.db.PooledDatabase.createDataSource(Databases.scala:199)
	at play.api.db.DefaultDatabase.dataSource$lzycompute(Databases.scala:124)
	at play.api.db.DefaultDatabase.dataSource(Databases.scala:122)
	at play.api.db.DefaultDatabase.getConnection(Databases.scala:143)
	at play.api.db.DefaultDatabase.getConnection(Databases.scala:139)
	at play.api.db.DefaultDBApi$$anonfun$connect$1.apply(DefaultDBApi.scala:44)
	... 89 more
Caused by: com.zaxxer.hikari.pool.PoolInitializationException: Exception during pool initialization
	at com.zaxxer.hikari.pool.BaseHikariPool.initializeConnections(BaseHikariPool.java:542)
	at com.zaxxer.hikari.pool.BaseHikariPool.&lt;init&gt;(BaseHikariPool.java:171)
	at com.zaxxer.hikari.pool.HikariPool.&lt;init&gt;(HikariPool.java:60)
	at com.zaxxer.hikari.pool.HikariPool.&lt;init&gt;(HikariPool.java:48)
	at com.zaxxer.hikari.HikariDataSource.&lt;init&gt;(HikariDataSource.java:80)
	at play.api.db.HikariCPConnectionPool$$anonfun$1.apply(HikariCPModule.scala:58)
	at play.api.db.HikariCPConnectionPool$$anonfun$1.apply(HikariCPModule.scala:54)
	at scala.util.Try$.apply(Try.scala:191)
	at play.api.db.HikariCPConnectionPool.create(HikariCPModule.scala:54)
	... 95 more
Caused by: com.mysql.jdbc.exceptions.jdbc4.MySQLNonTransientConnectionException: Data source rejected establishment of connection,  message from server: &quot;Too many connections&quot;
	at sun.reflect.NativeConstructorAccessorImpl.newInstance0(Native Method)
	at sun.reflect.NativeConstructorAccessorImpl.newInstance(NativeConstructorAccessorImpl.java:62)
	at sun.reflect.DelegatingConstructorAccessorImpl.newInstance(DelegatingConstructorAccessorImpl.java:45)
	at java.lang.reflect.Constructor.newInstance(Constructor.java:422)
	at com.mysql.jdbc.Util.handleNewInstance(Util.java:411)
	at com.mysql.jdbc.Util.getInstance(Util.java:386)
	at com.mysql.jdbc.SQLError.createSQLException(SQLError.java:1013)
	at com.mysql.jdbc.SQLError.createSQLException(SQLError.java:987)
	at com.mysql.jdbc.SQLError.createSQLException(SQLError.java:982)
	at com.mysql.jdbc.MysqlIO.doHandshake(MysqlIO.java:1128)
	at com.mysql.jdbc.ConnectionImpl.coreConnect(ConnectionImpl.java:2336)
[...]
	at sun.reflect.DelegatingMethodAccessorImpl.invoke(DelegatingMethodAccessorImpl.java:43)
	at java.lang.reflect.Method.invoke(Method.java:497)
	at org.junit.runners.model.FrameworkMethod$1.runReflectiveCall(FrameworkMethod.java:47)
	at org.junit.internal.runners.model.ReflectiveCallable.run(ReflectiveCallable.java:12)
	at org.junit.runners.model.FrameworkMethod.invokeExplosively(FrameworkMethod.java:44)
	at org.junit.internal.runners.statements.RunBefores.evaluate(RunBefores.java:24)
	at org.junit.internal.runners.statements.RunAfters.evaluate(RunAfters.java:27)
	at org.junit.runners.ParentRunner.runLeaf(ParentRunner.java:271)
	at org.junit.runners.BlockJUnit4ClassRunner.runChild(BlockJUnit4ClassRunner.java:70)
	at org.junit.runners.BlockJUnit4ClassRunner.runChild(BlockJUnit4ClassRunner.java:50)
	at org.junit.runners.ParentRunner$3.run(ParentRunner.java:238)
	at org.junit.runners.ParentRunner$1.schedule(ParentRunner.java:63)
	at org.junit.runners.ParentRunner.runChildren(ParentRunner.java:236)
	at org.junit.runners.ParentRunner.access$000(ParentRunner.java:53)
	at org.junit.runners.ParentRunner$2.evaluate(ParentRunner.java:229)
	at org.junit.internal.runners.statements.RunBefores.evaluate(RunBefores.java:26)
	at org.junit.runners.ParentRunner.run(ParentRunner.java:309)
	at org.junit.runners.Suite.runChild(Suite.java:127)
	at org.junit.runners.Suite.runChild(Suite.java:26)
	at org.junit.runners.ParentRunner$3.run(ParentRunner.java:238)
	at org.junit.runners.ParentRunner$1.schedule(ParentRunner.java:63)
	at org.junit.runners.ParentRunner.runChildren(ParentRunner.java:236)
	at org.junit.runners.ParentRunner.access$000(ParentRunner.java:53)
	at org.junit.runners.ParentRunner$2.evaluate(ParentRunner.java:229)
	at org.junit.runners.ParentRunner.run(ParentRunner.java:309)
	at org.junit.runner.JUnitCore.run(JUnitCore.java:160)
	at org.junit.runner.JUnitCore.run(JUnitCore.java:138)
	at com.novocode.junit.JUnitRunner$1.execute(JUnitRunner.java:132)
	at sbt.ForkMain$Run$2.call(ForkMain.java:294)
	at sbt.ForkMain$Run$2.call(ForkMain.java:284)
	at java.util.concurrent.FutureTask.run(FutureTask.java:266)
	at java.util.concurrent.ThreadPoolExecutor.runWorker(ThreadPoolExecutor.java:1142)
	at java.util.concurrent.ThreadPoolExecutor$Worker.run(ThreadPoolExecutor.java:617)
	at java.lang.Thread.run(Thread.java:745)
Caused by: Configuration error: Configuration error[Exception during pool initialization]
	at play.api.Configuration$.configError(Configuration.scala:178)
	at play.api.PlayConfig.reportError(Configuration.scala:1048)
	at play.api.db.HikariCPConnectionPool.create(HikariCPModule.scala:69)
	at play.api.db.PooledDatabase.createDataSource(Databases.scala:199)
	at play.api.db.DefaultDatabase.dataSource$lzycompute(Databases.scala:124)
	at play.api.db.DefaultDatabase.dataSource(Databases.scala:122)
	at play.api.db.DefaultDatabase.getConnection(Databases.scala:143)
	at play.api.db.DefaultDatabase.getConnection(Databases.scala:139)
	at play.api.db.DefaultDBApi$$anonfun$connect$1.apply(DefaultDBApi.scala:44)
	... 89 more
Caused by: com.zaxxer.hikari.pool.PoolInitializationException: Exception during pool initialization
	at com.zaxxer.hikari.pool.BaseHikariPool.initializeConnections(BaseHikariPool.java:542)
	at com.zaxxer.hikari.pool.BaseHikariPool.&lt;init&gt;(BaseHikariPool.java:171)
	at com.zaxxer.hikari.pool.HikariPool.&lt;init&gt;(HikariPool.java:60)
	at com.zaxxer.hikari.pool.HikariPool.&lt;init&gt;(HikariPool.java:48)
	at com.zaxxer.hikari.HikariDataSource.&lt;init&gt;(HikariDataSource.java:80)
	at play.api.db.HikariCPConnectionPool$$anonfun$1.apply(HikariCPModule.scala:58)
	at play.api.db.HikariCPConnectionPool$$anonfun$1.apply(HikariCPModule.scala:54)
	at scala.util.Try$.apply(Try.scala:191)
	at play.api.db.HikariCPConnectionPool.create(HikariCPModule.scala:54)
	... 95 more
Caused by: com.mysql.jdbc.exceptions.jdbc4.MySQLNonTransientConnectionException: Data source rejected establishment of connection,  message from server: &quot;Too many connections&quot;
	at sun.reflect.GeneratedConstructorAccessor88.newInstance(Unknown Source)
	at sun.reflect.DelegatingConstructorAccessorImpl.newInstance(DelegatingConstructorAccessorImpl.java:45)
	at java.lang.reflect.Constructor.newInstance(Constructor.java:422)
	at com.mysql.jdbc.Util.handleNewInstance(Util.java:411)
	at com.mysql.jdbc.Util.getInstance(Util.java:386)
	at com.mysql.jdbc.SQLError.createSQLException(SQLError.java:1013)
	at com.mysql.jdbc.SQLError.createSQLException(SQLError.java:987)
	at com.mysql.jdbc.SQLError.createSQLException(SQLError.java:982)
	at com.mysql.jdbc.MysqlIO.doHandshake(MysqlIO.java:1128)
	at com.mysql.jdbc.ConnectionImpl.coreConnect(ConnectionImpl.java:2336)
	at com.mysql.jdbc.ConnectionImpl.connectOneTryOnly(ConnectionImpl.java:2369)
	at com.mysql.jdbc.ConnectionImpl.createNewIO(ConnectionImpl.java:2153)
	at com.mysql.jdbc.ConnectionImpl.&lt;init&gt;(ConnectionImpl.java:792)
	at com.mysql.jdbc.JDBC4Connection.&lt;init&gt;(JDBC4Connection.java:47)
	at sun.reflect.GeneratedConstructorAccessor13.newInstance(Unknown Source)
	at sun.reflect.DelegatingConstructorAccessorImpl.newInstance(DelegatingConstructorAccessorImpl.java:45)
	at java.lang.reflect.Constructor.newInstance(Constructor.java:422)
	at com.mysql.jdbc.Util.handleNewInstance(Util.java:411)
	at com.mysql.jdbc.ConnectionImpl.getInstance(ConnectionImpl.java:381)
	at com.mysql.jdbc.NonRegisteringDriver.connect(NonRegisteringDriver.java:305)
	at com.zaxxer.hikari.util.DriverDataSource.getConnection(DriverDataSource.java:92)
	at com.zaxxer.hikari.util.DriverDataSource.getConnection(DriverDataSource.java:98)
	at com.zaxxer.hikari.pool.BaseHikariPool.addConnection(BaseHikariPool.java:438)
	at com.zaxxer.hikari.pool.BaseHikariPool.initializeConnections(BaseHikariPool.java:540)
	... 103 more

2) Error in custom provider, Configuration error: Configuration error[Cannot connect to database [default]]
  while locating play.api.db.DBApiProvider
  while locating play.api.db.DBApi
    for field at play.api.db.NamedDatabaseProvider.dbApi(DBModule.scala:80)
  while locating play.api.db.NamedDatabaseProvider
  at com.google.inject.util.Providers$GuicifiedProviderWithDependencies.initialize(Providers.java:149)
  at play.api.db.DBModule$$anonfun$namedDatabaseBindings$1.apply(DBModule.scala:34):
Binding(interface play.api.db.Database qualified with QualifierInstance(@play.db.NamedDatabase(value=default)) to ProviderTarget(play.api.db.NamedDatabaseProvider@62f25869)) (via modules: com.google.inject.util.Modules$OverrideModule -&gt; play.api.inject.guice.GuiceableModuleConversions$$anon$1)
Caused by: Configuration error: Configuration error[Cannot connect to database [default]]
	at play.api.Configuration$.configError(Configuration.scala:178)
	at play.api.Configuration.reportError(Configuration.scala:829)
	at play.api.db.DefaultDBApi$$anonfun$connect$1.apply(DefaultDBApi.scala:48)
	at play.api.db.DefaultDBApi$$anonfun$connect$1.apply(DefaultDBApi.scala:42)
	at scala.collection.immutable.List.foreach(List.scala:381)
	at play.api.db.DefaultDBApi.connect(DefaultDBApi.scala:42)
	at play.api.db.DBApiProvider.get$lzycompute(DBModule.scala:72)
	at play.api.db.DBApiProvider.get(DBModule.scala:62)
	at play.api.db.DBApiProvider.get(DBModule.scala:58)
	at com.google.inject.internal.ProviderInternalFactory.provision(ProviderInternalFactory.java:81)
	at com.google.inject.internal.BoundProviderFactory.provision(BoundProviderFactory.java:72)
	at com.google.inject.internal.ProviderInternalFactory.circularGet(ProviderInternalFactory.java:61)
	at com.google.inject.internal.BoundProviderFactory.get(BoundProviderFactory.java:62)
	at com.google.inject.internal.SingleFieldInjector.inject(SingleFieldInjector.java:54)
	at com.google.inject.internal.MembersInjectorImpl.injectMembers(MembersInjectorImpl.java:132)
	at com.google.inject.internal.MembersInjectorImpl$1.call(MembersInjectorImpl.java:93)
	at com.google.inject.internal.MembersInjectorImpl$1.call(MembersInjectorImpl.java:80)
	at com.google.inject.internal.InjectorImpl.callInContext(InjectorImpl.java:1103)
	at com.google.inject.internal.MembersInjectorImpl.injectAndNotify(MembersInjectorImpl.java:80)
	at com.google.inject.internal.MembersInjectorImpl.injectMembers(MembersInjectorImpl.java:62)
	at com.google.inject.internal.InjectorImpl.injectMembers(InjectorImpl.java:984)
	at com.google.inject.util.Providers$GuicifiedProviderWithDependencies.initialize(Providers.java:149)
	at com.google.inject.util.Providers$GuicifiedProviderWithDependencies$$FastClassByGuice$$2a7177aa.invoke(&lt;generated&gt;)
	at com.google.inject.internal.cglib.reflect.$FastMethod.invoke(FastMethod.java:53)
	at com.google.inject.internal.SingleMethodInjector$1.invoke(SingleMethodInjector.java:57)
	at com.google.inject.internal.SingleMethodInjector.inject(SingleMethodInjector.java:91)
	at com.google.inject.internal.MembersInjectorImpl.injectMembers(MembersInjectorImpl.java:132)
	at com.google.inject.internal.MembersInjectorImpl$1.call(MembersInjectorImpl.java:93)
	at com.google.inject.internal.MembersInjectorImpl$1.call(MembersInjectorImpl.java:80)
	at com.google.inject.internal.InjectorImpl.callInContext(InjectorImpl.java:1092)
	at com.google.inject.internal.MembersInjectorImpl.injectAndNotify(MembersInjectorImpl.java:80)
	at com.google.inject.internal.Initializer$InjectableReference.get(Initializer.java:174)
	at com.google.inject.internal.Initializer.injectAll(Initializer.java:108)
	at com.google.inject.internal.InternalInjectorCreator.injectDynamically(InternalInjectorCreator.java:174)
	at com.google.inject.internal.InternalInjectorCreator.build(InternalInjectorCreator.java:110)
	at com.google.inject.Guice.createInjector(Guice.java:96)
	at com.google.inject.Guice.createInjector(Guice.java:73)
	at com.google.inject.Guice.createInjector(Guice.java:62)
	at play.api.inject.guice.GuiceBuilder.injector(GuiceInjectorBuilder.scala:126)
	at play.api.inject.guice.GuiceApplicationBuilder.build(GuiceApplicationBuilder.scala:93)
	at play.api.test.FakeApplication.&lt;init&gt;(Fakes.scala:216)
	at play.test.FakeApplication.&lt;init&gt;(FakeApplication.java:53)
	at play.test.FakeApplication.&lt;init&gt;(FakeApplication.java:70)
	at play.test.Helpers.fakeApplication(Helpers.java:160)
	at OrderControllerTest.initializeData(OrderControllerTest.java:61)
	at sun.reflect.NativeMethodAccessorImpl.invoke0(Native Method)
	at sun.reflect.NativeMethodAccessorImpl.invoke(NativeMethodAccessorImpl.java:62)
	at sun.reflect.DelegatingMethodAccessorImpl.invoke(DelegatingMethodAccessorImpl.java:43)
	at java.lang.reflect.Method.invoke(Method.java:497)
	at org.junit.runners.model.FrameworkMethod$1.runReflectiveCall(FrameworkMethod.java:47)
	at org.junit.internal.runners.model.ReflectiveCallable.run(ReflectiveCallable.java:12)
	at org.junit.runners.model.FrameworkMethod.invokeExplosively(FrameworkMethod.java:44)
	at org.junit.internal.runners.statements.RunBefores.evaluate(RunBefores.java:24)
	at org.junit.internal.runners.statements.RunAfters.evaluate(RunAfters.java:27)
	at org.junit.runners.ParentRunner.runLeaf(ParentRunner.java:271)
	at org.junit.runners.BlockJUnit4ClassRunner.runChild(BlockJUnit4ClassRunner.java:70)
	at org.junit.runners.BlockJUnit4ClassRunner.runChild(BlockJUnit4ClassRunner.java:50)
	at org.junit.runners.ParentRunner$3.run(ParentRunner.java:238)
	at org.junit.runners.ParentRunner$1.schedule(ParentRunner.java:63)
	at org.junit.runners.ParentRunner.runChildren(ParentRunner.java:236)
	at org.junit.runners.ParentRunner.access$000(ParentRunner.java:53)
	at org.junit.runners.ParentRunner$2.evaluate(ParentRunner.java:229)
	at org.junit.internal.runners.statements.RunBefores.evaluate(RunBefores.java:26)
	at org.junit.runners.ParentRunner.run(ParentRunner.java:309)
	at org.junit.runners.Suite.runChild(Suite.java:127)
	at org.junit.runners.Suite.runChild(Suite.java:26)
	at org.junit.runners.ParentRunner$3.run(ParentRunner.java:238)
	at org.junit.runners.ParentRunner$1.schedule(ParentRunner.java:63)
	at org.junit.runners.ParentRunner.runChildren(ParentRunner.java:236)
	at org.junit.runners.ParentRunner.access$000(ParentRunner.java:53)
	at org.junit.runners.ParentRunner$2.evaluate(ParentRunner.java:229)
	at org.junit.runners.ParentRunner.run(ParentRunner.java:309)
	at org.junit.runner.JUnitCore.run(JUnitCore.java:160)
	at org.junit.runner.JUnitCore.run(JUnitCore.java:138)
	at com.novocode.junit.JUnitRunner$1.execute(JUnitRunner.java:132)
	at sbt.ForkMain$Run$2.call(ForkMain.java:294)
	at sbt.ForkMain$Run$2.call(ForkMain.java:284)
	at java.util.concurrent.FutureTask.run(FutureTask.java:266)
	at java.util.concurrent.ThreadPoolExecutor.runWorker(ThreadPoolExecutor.java:1142)
	at java.util.concurrent.ThreadPoolExecutor$Worker.run(ThreadPoolExecutor.java:617)
	at java.lang.Thread.run(Thread.java:745)
Caused by: Configuration error: Configuration error[Exception during pool initialization]
	at play.api.Configuration$.configError(Configuration.scala:178)
	at play.api.PlayConfig.reportError(Configuration.scala:1048)
	at play.api.db.HikariCPConnectionPool.create(HikariCPModule.scala:69)
	at play.api.db.PooledDatabase.createDataSource(Databases.scala:199)
	at play.api.db.DefaultDatabase.dataSource$lzycompute(Databases.scala:124)
	at play.api.db.DefaultDatabase.dataSource(Databases.scala:122)
	at play.api.db.DefaultDatabase.getConnection(Databases.scala:143)
	at play.api.db.DefaultDatabase.getConnection(Databases.scala:139)
	at play.api.db.DefaultDBApi$$anonfun$connect$1.apply(DefaultDBApi.scala:44)
	... 78 more
Caused by: com.zaxxer.hikari.pool.PoolInitializationException: Exception during pool initialization
	at com.zaxxer.hikari.pool.BaseHikariPool.initializeConnections(BaseHikariPool.java:542)
	at com.zaxxer.hikari.pool.BaseHikariPool.&lt;init&gt;(BaseHikariPool.java:171)
	at com.zaxxer.hikari.pool.HikariPool.&lt;init&gt;(HikariPool.java:60)
	at com.zaxxer.hikari.pool.HikariPool.&lt;init&gt;(HikariPool.java:48)
	at com.zaxxer.hikari.HikariDataSource.&lt;init&gt;(HikariDataSource.java:80)
	at play.api.db.HikariCPConnectionPool$$anonfun$1.apply(HikariCPModule.scala:58)
	at play.api.db.HikariCPConnectionPool$$anonfun$1.apply(HikariCPModule.scala:54)
	at scala.util.Try$.apply(Try.scala:191)
	at play.api.db.HikariCPConnectionPool.create(HikariCPModule.scala:54)
	... 84 more
Caused by: com.mysql.jdbc.exceptions.jdbc4.MySQLNonTransientConnectionException: Data source rejected establishment of connection,  message from server: &quot;Too many connections&quot;
	at sun.reflect.GeneratedConstructorAccessor88.newInstance(Unknown Source)
	at sun.reflect.DelegatingConstructorAccessorImpl.newInstance(DelegatingConstructorAccessorImpl.java:45)
	at java.lang.reflect.Constructor.newInstance(Constructor.java:422)
	at com.mysql.jdbc.Util.handleNewInstance(Util.java:411)
	at com.mysql.jdbc.Util.getInstance(Util.java:386)
	at com.mysql.jdbc.SQLError.createSQLException(SQLError.java:1013)
	at com.mysql.jdbc.SQLError.createSQLException(SQLError.java:987)
	at com.mysql.jdbc.SQLError.createSQLException(SQLError.java:982)
	at com.mysql.jdbc.MysqlIO.doHandshake(MysqlIO.java:1128)
	at com.mysql.jdbc.ConnectionImpl.coreConnect(ConnectionImpl.java:2336)
	at com.mysql.jdbc.ConnectionImpl.connectOneTryOnly(ConnectionImpl.java:2369)
	at com.mysql.jdbc.ConnectionImpl.createNewIO(ConnectionImpl.java:2153)
	at com.mysql.jdbc.ConnectionImpl.&lt;init&gt;(ConnectionImpl.java:792)
	at com.mysql.jdbc.JDBC4Connection.&lt;init&gt;(JDBC4Connection.java:47)
	at sun.reflect.GeneratedConstructorAccessor13.newInstance(Unknown Source)
	at sun.reflect.DelegatingConstructorAccessorImpl.newInstance(DelegatingConstructorAccessorImpl.java:45)
	at java.lang.reflect.Constructor.newInstance(Constructor.java:422)
	at com.mysql.jdbc.Util.handleNewInstance(Util.java:411)
	at com.mysql.jdbc.ConnectionImpl.getInstance(ConnectionImpl.java:381)
	at com.mysql.jdbc.NonRegisteringDriver.connect(NonRegisteringDriver.java:305)
	at com.zaxxer.hikari.util.DriverDataSource.getConnection(DriverDataSource.java:92)
	at com.zaxxer.hikari.util.DriverDataSource.getConnection(DriverDataSource.java:98)
	at com.zaxxer.hikari.pool.BaseHikariPool.addConnection(BaseHikariPool.java:438)
	at com.zaxxer.hikari.pool.BaseHikariPool.initializeConnections(BaseHikariPool.java:540)
	... 92 more

2 errors
	at com.google.inject.internal.Errors.throwCreationExceptionIfErrorsExist(Errors.java:466)
	at com.google.inject.internal.InternalInjectorCreator.injectDynamically(InternalInjectorCreator.java:176)
	at com.google.inject.internal.InternalInjectorCreator.build(InternalInjectorCreator.java:110)
	at com.google.inject.Guice.createInjector(Guice.java:96)
	at com.google.inject.Guice.createInjector(Guice.java:73)
	at com.google.inject.Guice.createInjector(Guice.java:62)
	at play.api.inject.guice.GuiceBuilder.injector(GuiceInjectorBuilder.scala:126)
	at play.api.inject.guice.GuiceApplicationBuilder.build(GuiceApplicationBuilder.scala:93)
	at play.api.test.FakeApplication.&lt;init&gt;(Fakes.scala:216)
	at play.test.FakeApplication.&lt;init&gt;(FakeApplication.java:53)
	at play.test.FakeApplication.&lt;init&gt;(FakeApplication.java:70)
	at play.test.Helpers.fakeApplication(Helpers.java:160)
	at OrderControllerTest.initializeData(OrderControllerTest.java:61)
	at sun.reflect.NativeMethodAccessorImpl.invoke0(Native Method)
	at sun.reflect.NativeMethodAccessorImpl.invoke(NativeMethodAccessorImpl.java:62)
	at sun.reflect.DelegatingMethodAccessorImpl.invoke(DelegatingMethodAccessorImpl.java:43)
	at java.lang.reflect.Method.invoke(Method.java:497)
	at org.junit.runners.model.FrameworkMethod$1.runReflectiveCall(FrameworkMethod.java:47)
	at org.junit.internal.runners.model.ReflectiveCallable.run(ReflectiveCallable.java:12)
	at org.junit.runners.model.FrameworkMethod.invokeExplosively(FrameworkMethod.java:44)
	at org.junit.internal.runners.statements.RunBefores.evaluate(RunBefores.java:24)
	at org.junit.internal.runners.statements.RunAfters.evaluate(RunAfters.java:27)
	at org.junit.runners.ParentRunner.runLeaf(ParentRunner.java:271)
	at org.junit.runners.BlockJUnit4ClassRunner.runChild(BlockJUnit4ClassRunner.java:70)
	at org.junit.runners.BlockJUnit4ClassRunner.runChild(BlockJUnit4ClassRunner.java:50)
	at org.junit.runners.ParentRunner$3.run(ParentRunner.java:238)
	at org.junit.runners.ParentRunner$1.schedule(ParentRunner.java:63)
	at org.junit.runners.ParentRunner.runChildren(ParentRunner.java:236)
	at org.junit.runners.ParentRunner.access$000(ParentRunner.java:53)
	at org.junit.runners.ParentRunner$2.evaluate(ParentRunner.java:229)
	at org.junit.internal.runners.statements.RunBefores.evaluate(RunBefores.java:26)
	at org.junit.runners.ParentRunner.run(ParentRunner.java:309)
	at org.junit.runners.Suite.runChild(Suite.java:127)
	at org.junit.runners.Suite.runChild(Suite.java:26)
	at org.junit.runners.ParentRunner$3.run(ParentRunner.java:238)
	at org.junit.runners.ParentRunner$1.schedule(ParentRunner.java:63)
	at org.junit.runners.ParentRunner.runChildren(ParentRunner.java:236)
	at org.junit.runners.ParentRunner.access$000(ParentRunner.java:53)
	at org.junit.runners.ParentRunner$2.evaluate(ParentRunner.java:229)
	at org.junit.runners.ParentRunner.run(ParentRunner.java:309)
	at org.junit.runner.JUnitCore.run(JUnitCore.java:160)
	at org.junit.runner.JUnitCore.run(JUnitCore.java:138)
	at com.novocode.junit.JUnitRunner$1.execute(JUnitRunner.java:132)
	at sbt.ForkMain$Run$2.call(ForkMain.java:294)
	at sbt.ForkMain$Run$2.call(ForkMain.java:284)
	at java.util.concurrent.FutureTask.run(FutureTask.java:266)
	at java.util.concurrent.ThreadPoolExecutor.runWorker(ThreadPoolExecutor.java:1142)
	at java.util.concurrent.ThreadPoolExecutor$Worker.run(ThreadPoolExecutor.java:617)
	at java.lang.Thread.run(Thread.java:745)
</failure>
                                               </testcase>
                     <system-out></system-out>
                     <system-err></system-err>
                   </testsuite>